This is pdfTeX, Version 3.141592653-2.6-1.40.25 (TeX Live 2023) (preloaded format=pdflatex 2023.6.4)  5 JUN 2023 17:02
entering extended mode
 restricted \write18 enabled.
 file:line:error style messages enabled.
 %&-line parsing enabled.
**"c:/Users/achil/Desktop/Misure Elettroniche/main.tex"
(c:/Users/achil/Desktop/Misure Elettroniche/main.tex
LaTeX2e <2022-11-01> patch level 1
L3 programming layer <2023-05-22> (d:/achil/texlive/2023/texmf-dist/tex/latex/base/book.cls
Document Class: book 2022/07/02 v1.4n Standard LaTeX document class
(d:/achil/texlive/2023/texmf-dist/tex/latex/base/bk10.clo
File: bk10.clo 2022/07/02 v1.4n Standard LaTeX file (size option)
)
\c@part=\count185
\c@chapter=\count186
\c@section=\count187
\c@subsection=\count188
\c@subsubsection=\count189
\c@paragraph=\count190
\c@subparagraph=\count191
\c@figure=\count192
\c@table=\count193
\abovecaptionskip=\skip48
\belowcaptionskip=\skip49
\bibindent=\dimen140
) (d:/achil/texlive/2023/texmf-dist/tex/latex/fancyhdr/fancyhdr.sty
Package: fancyhdr 2022/11/09 v4.1 Extensive control of page headers and footers
\f@nch@headwidth=\skip50
\f@nch@O@elh=\skip51
\f@nch@O@erh=\skip52
\f@nch@O@olh=\skip53
\f@nch@O@orh=\skip54
\f@nch@O@elf=\skip55
\f@nch@O@erf=\skip56
\f@nch@O@olf=\skip57
\f@nch@O@orf=\skip58
) (d:/achil/texlive/2023/texmf-dist/tex/generic/babel/babel.sty
Package: babel 2023/05/11 v3.89 The Babel package
\babel@savecnt=\count194
\U@D=\dimen141
\l@unhyphenated=\language87
 (d:/achil/texlive/2023/texmf-dist/tex/generic/babel/txtbabel.def)
\bbl@readstream=\read2
\bbl@dirlevel=\count195
 (d:/achil/texlive/2023/texmf-dist/tex/generic/babel-italian/italian.ldf
Language: italian 2022/03/27 v.1.4.07 Italian support for the babel system
\it@lettering=\count196
\it@doublequoteactive=\count197
\it@ISOcompliance=\count198
)) (d:/achil/texlive/2023/texmf-dist/tex/generic/babel/locale/it/babel-italian.tex
Package babel Info: Importing font and identification data for italian
(babel)             from babel-it.ini. Reported on input line 11.
) (d:/achil/texlive/2023/texmf-dist/tex/latex/etoolbox/etoolbox.sty
Package: etoolbox 2020/10/05 v2.5k e-TeX tools for LaTeX (JAW)
\etb@tempcnta=\count199
)

Package fancyhdr Warning: \fancyheadoffset's `E' option without twoside option is useless.
(fancyhdr)                Please consider using the `twoside' option on input line 5.

(d:/achil/texlive/2023/texmf-dist/tex/latex/pdfpages/pdfpages.sty
Package: pdfpages 2022/12/19 v0.5x Insert pages of external PDF documents (AM)
 (d:/achil/texlive/2023/texmf-dist/tex/latex/base/ifthen.sty
Package: ifthen 2022/04/13 v1.1d Standard LaTeX ifthen package (DPC)
) (d:/achil/texlive/2023/texmf-dist/tex/latex/tools/calc.sty
Package: calc 2017/05/25 v4.3 Infix arithmetic (KKT,FJ)
\calc@Acount=\count266
\calc@Bcount=\count267
\calc@Adimen=\dimen142
\calc@Bdimen=\dimen143
\calc@Askip=\skip59
\calc@Bskip=\skip60
LaTeX Info: Redefining \setlength on input line 80.
LaTeX Info: Redefining \addtolength on input line 81.
\calc@Ccount=\count268
\calc@Cskip=\skip61
) (d:/achil/texlive/2023/texmf-dist/tex/latex/eso-pic/eso-pic.sty
Package: eso-pic 2023/05/03 v3.0c eso-pic (RN)
\ESO@tempdima=\dimen144
\ESO@tempdimb=\dimen145
 (d:/achil/texlive/2023/texmf-dist/tex/latex/graphics/keyval.sty
Package: keyval 2022/05/29 v1.15 key=value parser (DPC)
\KV@toks@=\toks16
) (d:/achil/texlive/2023/texmf-dist/tex/latex/xcolor/xcolor.sty
Package: xcolor 2022/06/12 v2.14 LaTeX color extensions (UK)
 (d:/achil/texlive/2023/texmf-dist/tex/latex/graphics-cfg/color.cfg
File: color.cfg 2016/01/02 v1.6 sample color configuration
)
Package xcolor Info: Driver file: pdftex.def on input line 227.
 (d:/achil/texlive/2023/texmf-dist/tex/latex/graphics-def/pdftex.def
File: pdftex.def 2022/09/22 v1.2b Graphics/color driver for pdftex
) (d:/achil/texlive/2023/texmf-dist/tex/latex/graphics/mathcolor.ltx)
Package xcolor Info: Model `cmy' substituted by `cmy0' on input line 1353.
Package xcolor Info: Model `hsb' substituted by `rgb' on input line 1357.
Package xcolor Info: Model `RGB' extended on input line 1369.
Package xcolor Info: Model `HTML' substituted by `rgb' on input line 1371.
Package xcolor Info: Model `Hsb' substituted by `hsb' on input line 1372.
Package xcolor Info: Model `tHsb' substituted by `hsb' on input line 1373.
Package xcolor Info: Model `HSB' substituted by `hsb' on input line 1374.
Package xcolor Info: Model `Gray' substituted by `gray' on input line 1375.
Package xcolor Info: Model `wave' substituted by `hsb' on input line 1376.
)) (d:/achil/texlive/2023/texmf-dist/tex/latex/graphics/graphicx.sty
Package: graphicx 2021/09/16 v1.2d Enhanced LaTeX Graphics (DPC,SPQR)
 (d:/achil/texlive/2023/texmf-dist/tex/latex/graphics/graphics.sty
Package: graphics 2022/03/10 v1.4e Standard LaTeX Graphics (DPC,SPQR)
 (d:/achil/texlive/2023/texmf-dist/tex/latex/graphics/trig.sty
Package: trig 2021/08/11 v1.11 sin cos tan (DPC)
) (d:/achil/texlive/2023/texmf-dist/tex/latex/graphics-cfg/graphics.cfg
File: graphics.cfg 2016/06/04 v1.11 sample graphics configuration
)
Package graphics Info: Driver file: pdftex.def on input line 107.
)
\Gin@req@height=\dimen146
\Gin@req@width=\dimen147
)
\AM@pagewidth=\dimen148
\AM@pageheight=\dimen149
\AM@fboxrule=\dimen150
 (d:/achil/texlive/2023/texmf-dist/tex/latex/pdfpages/pppdftex.def
File: pppdftex.def 2022/12/19 v0.5x Pdfpages driver for pdfTeX (AM)
)
\pdfpages@includegraphics@status=\count269
\AM@pagebox=\box51
\AM@global@opts=\toks17
\AM@pagecnt=\count270
\AM@toc@title=\toks18
\AM@lof@heading=\toks19
\c@AM@survey=\count271
\AM@templatesizebox=\box52
) (d:/achil/texlive/2023/texmf-dist/tex/latex/base/inputenc.sty
Package: inputenc 2021/02/14 v1.3d Input encoding file
\inpenc@prehook=\toks20
\inpenc@posthook=\toks21
) (d:/achil/texlive/2023/texmf-dist/tex/latex/geometry/geometry.sty
Package: geometry 2020/01/02 v5.9 Page Geometry
 (d:/achil/texlive/2023/texmf-dist/tex/generic/iftex/ifvtex.sty
Package: ifvtex 2019/10/25 v1.7 ifvtex legacy package. Use iftex instead.
 (d:/achil/texlive/2023/texmf-dist/tex/generic/iftex/iftex.sty
Package: iftex 2022/02/03 v1.0f TeX engine tests
))
\Gm@cnth=\count272
\Gm@cntv=\count273
\c@Gm@tempcnt=\count274
\Gm@bindingoffset=\dimen151
\Gm@wd@mp=\dimen152
\Gm@odd@mp=\dimen153
\Gm@even@mp=\dimen154
\Gm@layoutwidth=\dimen155
\Gm@layoutheight=\dimen156
\Gm@layouthoffset=\dimen157
\Gm@layoutvoffset=\dimen158
\Gm@dimlist=\toks22
) (d:/achil/texlive/2023/texmf-dist/tex/latex/algorithms/algorithm.sty
Package: algorithm 2009/08/24 v0.1 Document Style `algorithm' - floating environment
 (d:/achil/texlive/2023/texmf-dist/tex/latex/float/float.sty
Package: float 2001/11/08 v1.3d Float enhancements (AL)
\c@float@type=\count275
\float@exts=\toks23
\float@box=\box53
\@float@everytoks=\toks24
\@floatcapt=\box54
)
\@float@every@algorithm=\toks25
\c@algorithm=\count276
) (d:/achil/texlive/2023/texmf-dist/tex/latex/algorithmicx/algpseudocode.sty
Package: algpseudocode 
 (d:/achil/texlive/2023/texmf-dist/tex/latex/algorithmicx/algorithmicx.sty
Package: algorithmicx 2005/04/27 v1.2 Algorithmicx

Document Style algorithmicx 1.2 - a greatly improved `algorithmic' style
\c@ALG@line=\count277
\c@ALG@rem=\count278
\c@ALG@nested=\count279
\ALG@tlm=\skip62
\ALG@thistlm=\skip63
\c@ALG@Lnr=\count280
\c@ALG@blocknr=\count281
\c@ALG@storecount=\count282
\c@ALG@tmpcounter=\count283
\ALG@tmplength=\skip64
)
Document Style - pseudocode environments for use with the `algorithmicx' style
) (d:/achil/texlive/2023/texmf-dist/tex/latex/doublestroke/dsfont.sty
Package: dsfont 1995/08/01 v0.1 Double stroke roman fonts
) (d:/achil/texlive/2023/texmf-dist/tex/latex/jknapltx/mathrsfs.sty
Package: mathrsfs 1996/01/01 Math RSFS package v1.0 (jk)
\symrsfs=\mathgroup4
) (d:/achil/texlive/2023/texmf-dist/tex/latex/amsmath/amsmath.sty
Package: amsmath 2022/04/08 v2.17n AMS math features
\@mathmargin=\skip65

For additional information on amsmath, use the `?' option.
(d:/achil/texlive/2023/texmf-dist/tex/latex/amsmath/amstext.sty
Package: amstext 2021/08/26 v2.01 AMS text
 (d:/achil/texlive/2023/texmf-dist/tex/latex/amsmath/amsgen.sty
File: amsgen.sty 1999/11/30 v2.0 generic functions
\@emptytoks=\toks26
\ex@=\dimen159
)) (d:/achil/texlive/2023/texmf-dist/tex/latex/amsmath/amsbsy.sty
Package: amsbsy 1999/11/29 v1.2d Bold Symbols
\pmbraise@=\dimen160
) (d:/achil/texlive/2023/texmf-dist/tex/latex/amsmath/amsopn.sty
Package: amsopn 2022/04/08 v2.04 operator names
)
\inf@bad=\count284
LaTeX Info: Redefining \frac on input line 234.
\uproot@=\count285
\leftroot@=\count286
LaTeX Info: Redefining \overline on input line 399.
LaTeX Info: Redefining \colon on input line 410.
\classnum@=\count287
\DOTSCASE@=\count288
LaTeX Info: Redefining \ldots on input line 496.
LaTeX Info: Redefining \dots on input line 499.
LaTeX Info: Redefining \cdots on input line 620.
\Mathstrutbox@=\box55
\strutbox@=\box56
LaTeX Info: Redefining \big on input line 722.
LaTeX Info: Redefining \Big on input line 723.
LaTeX Info: Redefining \bigg on input line 724.
LaTeX Info: Redefining \Bigg on input line 725.
\big@size=\dimen161
LaTeX Font Info:    Redeclaring font encoding OML on input line 743.
LaTeX Font Info:    Redeclaring font encoding OMS on input line 744.
\macc@depth=\count289
LaTeX Info: Redefining \bmod on input line 905.
LaTeX Info: Redefining \pmod on input line 910.
LaTeX Info: Redefining \smash on input line 940.
LaTeX Info: Redefining \relbar on input line 970.
LaTeX Info: Redefining \Relbar on input line 971.
\c@MaxMatrixCols=\count290
\dotsspace@=\muskip16
\c@parentequation=\count291
\dspbrk@lvl=\count292
\tag@help=\toks27
\row@=\count293
\column@=\count294
\maxfields@=\count295
\andhelp@=\toks28
\eqnshift@=\dimen162
\alignsep@=\dimen163
\tagshift@=\dimen164
\tagwidth@=\dimen165
\totwidth@=\dimen166
\lineht@=\dimen167
\@envbody=\toks29
\multlinegap=\skip66
\multlinetaggap=\skip67
\mathdisplay@stack=\toks30
LaTeX Info: Redefining \[ on input line 2953.
LaTeX Info: Redefining \] on input line 2954.
) (d:/achil/texlive/2023/texmf-dist/tex/latex/amsfonts/amssymb.sty
Package: amssymb 2013/01/14 v3.01 AMS font symbols
 (d:/achil/texlive/2023/texmf-dist/tex/latex/amsfonts/amsfonts.sty
Package: amsfonts 2013/01/14 v3.01 Basic AMSFonts support
\symAMSa=\mathgroup5
\symAMSb=\mathgroup6
LaTeX Font Info:    Redeclaring math symbol \hbar on input line 98.
LaTeX Font Info:    Overwriting math alphabet `\mathfrak' in version `bold'
(Font)                  U/euf/m/n --> U/euf/b/n on input line 106.
)) (d:/achil/texlive/2023/texmf-dist/tex/latex/cancel/cancel.sty
Package: cancel 2013/04/12 v2.2 Cancel math terms
) (d:/achil/texlive/2023/texmf-dist/tex/latex/psnfss/mathptmx.sty
Package: mathptmx 2020/03/25 PSNFSS-v9.3 Times w/ Math, improved (SPQR, WaS) 
LaTeX Font Info:    Redeclaring symbol font `operators' on input line 28.
LaTeX Font Info:    Overwriting symbol font `operators' in version `normal'
(Font)                  OT1/cmr/m/n --> OT1/ztmcm/m/n on input line 28.
LaTeX Font Info:    Overwriting symbol font `operators' in version `bold'
(Font)                  OT1/cmr/bx/n --> OT1/ztmcm/m/n on input line 28.
LaTeX Font Info:    Redeclaring symbol font `letters' on input line 29.
LaTeX Font Info:    Overwriting symbol font `letters' in version `normal'
(Font)                  OML/cmm/m/it --> OML/ztmcm/m/it on input line 29.
LaTeX Font Info:    Overwriting symbol font `letters' in version `bold'
(Font)                  OML/cmm/b/it --> OML/ztmcm/m/it on input line 29.
LaTeX Font Info:    Redeclaring symbol font `symbols' on input line 30.
LaTeX Font Info:    Overwriting symbol font `symbols' in version `normal'
(Font)                  OMS/cmsy/m/n --> OMS/ztmcm/m/n on input line 30.
LaTeX Font Info:    Overwriting symbol font `symbols' in version `bold'
(Font)                  OMS/cmsy/b/n --> OMS/ztmcm/m/n on input line 30.
LaTeX Font Info:    Redeclaring symbol font `largesymbols' on input line 31.
LaTeX Font Info:    Overwriting symbol font `largesymbols' in version `normal'
(Font)                  OMX/cmex/m/n --> OMX/ztmcm/m/n on input line 31.
LaTeX Font Info:    Overwriting symbol font `largesymbols' in version `bold'
(Font)                  OMX/cmex/m/n --> OMX/ztmcm/m/n on input line 31.
\symbold=\mathgroup7
\symitalic=\mathgroup8
LaTeX Font Info:    Redeclaring math alphabet \mathbf on input line 34.
LaTeX Font Info:    Overwriting math alphabet `\mathbf' in version `normal'
(Font)                  OT1/cmr/bx/n --> OT1/ptm/bx/n on input line 34.
LaTeX Font Info:    Overwriting math alphabet `\mathbf' in version `bold'
(Font)                  OT1/cmr/bx/n --> OT1/ptm/bx/n on input line 34.
LaTeX Font Info:    Redeclaring math alphabet \mathit on input line 35.
LaTeX Font Info:    Overwriting math alphabet `\mathit' in version `normal'
(Font)                  OT1/cmr/m/it --> OT1/ptm/m/it on input line 35.
LaTeX Font Info:    Overwriting math alphabet `\mathit' in version `bold'
(Font)                  OT1/cmr/bx/it --> OT1/ptm/m/it on input line 35.
LaTeX Info: Redefining \hbar on input line 50.
) (d:/achil/texlive/2023/texmf-dist/tex/latex/esvect/esvect.sty
Package: esvect 
\symesvector=\mathgroup9
) (d:/achil/texlive/2023/texmf-dist/tex/latex/sectsty/sectsty.sty
Package: sectsty 2002/02/25 v2.0.2 Commands to change all sectional heading styles


LaTeX Warning: Command \underbar  has changed.
               Check if current package is valid.


LaTeX Warning: Command \underline  has changed.
               Check if current package is valid.

) (d:/achil/texlive/2023/texmf-dist/tex/latex/ncctools/nccmath.sty
Package: nccmath 2006/01/20 v1.3 Additional Math Commands (NCC)
\NCC@fracrulewidth=\dimen168
) (d:/achil/texlive/2023/texmf-dist/tex/latex/pgfplots/pgfplots.sty (d:/achil/texlive/2023/texmf-dist/tex/generic/pgfplots/pgfplots.revision.tex)
Package: pgfplots 2021/05/15 v1.18.1 Data Visualization (1.18.1)
 (d:/achil/texlive/2023/texmf-dist/tex/latex/pgf/frontendlayer/tikz.sty (d:/achil/texlive/2023/texmf-dist/tex/latex/pgf/basiclayer/pgf.sty (d:/achil/texlive/2023/texmf-dist/tex/latex/pgf/utilities/pgfrcs.sty (d:/achil/texlive/2023/texmf-dist/tex/generic/pgf/utilities/pgfutil-common.tex
\pgfutil@everybye=\toks31
\pgfutil@tempdima=\dimen169
\pgfutil@tempdimb=\dimen170
) (d:/achil/texlive/2023/texmf-dist/tex/generic/pgf/utilities/pgfutil-latex.def
\pgfutil@abb=\box57
) (d:/achil/texlive/2023/texmf-dist/tex/generic/pgf/utilities/pgfrcs.code.tex (d:/achil/texlive/2023/texmf-dist/tex/generic/pgf/pgf.revision.tex)
Package: pgfrcs 2023-01-15 v3.1.10 (3.1.10)
))
Package: pgf 2023-01-15 v3.1.10 (3.1.10)
 (d:/achil/texlive/2023/texmf-dist/tex/latex/pgf/basiclayer/pgfcore.sty (d:/achil/texlive/2023/texmf-dist/tex/latex/pgf/systemlayer/pgfsys.sty (d:/achil/texlive/2023/texmf-dist/tex/generic/pgf/systemlayer/pgfsys.code.tex
Package: pgfsys 2023-01-15 v3.1.10 (3.1.10)
 (d:/achil/texlive/2023/texmf-dist/tex/generic/pgf/utilities/pgfkeys.code.tex
\pgfkeys@pathtoks=\toks32
\pgfkeys@temptoks=\toks33
 (d:/achil/texlive/2023/texmf-dist/tex/generic/pgf/utilities/pgfkeyslibraryfiltered.code.tex
\pgfkeys@tmptoks=\toks34
))
\pgf@x=\dimen171
\pgf@y=\dimen172
\pgf@xa=\dimen173
\pgf@ya=\dimen174
\pgf@xb=\dimen175
\pgf@yb=\dimen176
\pgf@xc=\dimen177
\pgf@yc=\dimen178
\pgf@xd=\dimen179
\pgf@yd=\dimen180
\w@pgf@writea=\write3
\r@pgf@reada=\read3
\c@pgf@counta=\count296
\c@pgf@countb=\count297
\c@pgf@countc=\count298
\c@pgf@countd=\count299
\t@pgf@toka=\toks35
\t@pgf@tokb=\toks36
\t@pgf@tokc=\toks37
\pgf@sys@id@count=\count300
 (d:/achil/texlive/2023/texmf-dist/tex/generic/pgf/systemlayer/pgf.cfg
File: pgf.cfg 2023-01-15 v3.1.10 (3.1.10)
)
Driver file for pgf: pgfsys-pdftex.def
 (d:/achil/texlive/2023/texmf-dist/tex/generic/pgf/systemlayer/pgfsys-pdftex.def
File: pgfsys-pdftex.def 2023-01-15 v3.1.10 (3.1.10)
 (d:/achil/texlive/2023/texmf-dist/tex/generic/pgf/systemlayer/pgfsys-common-pdf.def
File: pgfsys-common-pdf.def 2023-01-15 v3.1.10 (3.1.10)
))) (d:/achil/texlive/2023/texmf-dist/tex/generic/pgf/systemlayer/pgfsyssoftpath.code.tex
File: pgfsyssoftpath.code.tex 2023-01-15 v3.1.10 (3.1.10)
\pgfsyssoftpath@smallbuffer@items=\count301
\pgfsyssoftpath@bigbuffer@items=\count302
) (d:/achil/texlive/2023/texmf-dist/tex/generic/pgf/systemlayer/pgfsysprotocol.code.tex
File: pgfsysprotocol.code.tex 2023-01-15 v3.1.10 (3.1.10)
)) (d:/achil/texlive/2023/texmf-dist/tex/generic/pgf/basiclayer/pgfcore.code.tex
Package: pgfcore 2023-01-15 v3.1.10 (3.1.10)
 (d:/achil/texlive/2023/texmf-dist/tex/generic/pgf/math/pgfmath.code.tex (d:/achil/texlive/2023/texmf-dist/tex/generic/pgf/math/pgfmathutil.code.tex) (d:/achil/texlive/2023/texmf-dist/tex/generic/pgf/math/pgfmathparser.code.tex
\pgfmath@dimen=\dimen181
\pgfmath@count=\count303
\pgfmath@box=\box58
\pgfmath@toks=\toks38
\pgfmath@stack@operand=\toks39
\pgfmath@stack@operation=\toks40
) (d:/achil/texlive/2023/texmf-dist/tex/generic/pgf/math/pgfmathfunctions.code.tex) (d:/achil/texlive/2023/texmf-dist/tex/generic/pgf/math/pgfmathfunctions.basic.code.tex) (d:/achil/texlive/2023/texmf-dist/tex/generic/pgf/math/pgfmathfunctions.trigonometric.code.tex) (d:/achil/texlive/2023/texmf-dist/tex/generic/pgf/math/pgfmathfunctions.random.code.tex) (d:/achil/texlive/2023/texmf-dist/tex/generic/pgf/math/pgfmathfunctions.comparison.code.tex) (d:/achil/texlive/2023/texmf-dist/tex/generic/pgf/math/pgfmathfunctions.base.code.tex) (d:/achil/texlive/2023/texmf-dist/tex/generic/pgf/math/pgfmathfunctions.round.code.tex) (d:/achil/texlive/2023/texmf-dist/tex/generic/pgf/math/pgfmathfunctions.misc.code.tex) (d:/achil/texlive/2023/texmf-dist/tex/generic/pgf/math/pgfmathfunctions.integerarithmetics.code.tex) (d:/achil/texlive/2023/texmf-dist/tex/generic/pgf/math/pgfmathcalc.code.tex) (d:/achil/texlive/2023/texmf-dist/tex/generic/pgf/math/pgfmathfloat.code.tex
\c@pgfmathroundto@lastzeros=\count304
)) (d:/achil/texlive/2023/texmf-dist/tex/generic/pgf/math/pgfint.code.tex) (d:/achil/texlive/2023/texmf-dist/tex/generic/pgf/basiclayer/pgfcorepoints.code.tex
File: pgfcorepoints.code.tex 2023-01-15 v3.1.10 (3.1.10)
\pgf@picminx=\dimen182
\pgf@picmaxx=\dimen183
\pgf@picminy=\dimen184
\pgf@picmaxy=\dimen185
\pgf@pathminx=\dimen186
\pgf@pathmaxx=\dimen187
\pgf@pathminy=\dimen188
\pgf@pathmaxy=\dimen189
\pgf@xx=\dimen190
\pgf@xy=\dimen191
\pgf@yx=\dimen192
\pgf@yy=\dimen193
\pgf@zx=\dimen194
\pgf@zy=\dimen195
) (d:/achil/texlive/2023/texmf-dist/tex/generic/pgf/basiclayer/pgfcorepathconstruct.code.tex
File: pgfcorepathconstruct.code.tex 2023-01-15 v3.1.10 (3.1.10)
\pgf@path@lastx=\dimen196
\pgf@path@lasty=\dimen197
) (d:/achil/texlive/2023/texmf-dist/tex/generic/pgf/basiclayer/pgfcorepathusage.code.tex
File: pgfcorepathusage.code.tex 2023-01-15 v3.1.10 (3.1.10)
\pgf@shorten@end@additional=\dimen198
\pgf@shorten@start@additional=\dimen199
) (d:/achil/texlive/2023/texmf-dist/tex/generic/pgf/basiclayer/pgfcorescopes.code.tex
File: pgfcorescopes.code.tex 2023-01-15 v3.1.10 (3.1.10)
\pgfpic=\box59
\pgf@hbox=\box60
\pgf@layerbox@main=\box61
\pgf@picture@serial@count=\count305
) (d:/achil/texlive/2023/texmf-dist/tex/generic/pgf/basiclayer/pgfcoregraphicstate.code.tex
File: pgfcoregraphicstate.code.tex 2023-01-15 v3.1.10 (3.1.10)
\pgflinewidth=\dimen256
) (d:/achil/texlive/2023/texmf-dist/tex/generic/pgf/basiclayer/pgfcoretransformations.code.tex
File: pgfcoretransformations.code.tex 2023-01-15 v3.1.10 (3.1.10)
\pgf@pt@x=\dimen257
\pgf@pt@y=\dimen258
\pgf@pt@temp=\dimen259
) (d:/achil/texlive/2023/texmf-dist/tex/generic/pgf/basiclayer/pgfcorequick.code.tex
File: pgfcorequick.code.tex 2023-01-15 v3.1.10 (3.1.10)
) (d:/achil/texlive/2023/texmf-dist/tex/generic/pgf/basiclayer/pgfcoreobjects.code.tex
File: pgfcoreobjects.code.tex 2023-01-15 v3.1.10 (3.1.10)
) (d:/achil/texlive/2023/texmf-dist/tex/generic/pgf/basiclayer/pgfcorepathprocessing.code.tex
File: pgfcorepathprocessing.code.tex 2023-01-15 v3.1.10 (3.1.10)
) (d:/achil/texlive/2023/texmf-dist/tex/generic/pgf/basiclayer/pgfcorearrows.code.tex
File: pgfcorearrows.code.tex 2023-01-15 v3.1.10 (3.1.10)
\pgfarrowsep=\dimen260
) (d:/achil/texlive/2023/texmf-dist/tex/generic/pgf/basiclayer/pgfcoreshade.code.tex
File: pgfcoreshade.code.tex 2023-01-15 v3.1.10 (3.1.10)
\pgf@max=\dimen261
\pgf@sys@shading@range@num=\count306
\pgf@shadingcount=\count307
) (d:/achil/texlive/2023/texmf-dist/tex/generic/pgf/basiclayer/pgfcoreimage.code.tex
File: pgfcoreimage.code.tex 2023-01-15 v3.1.10 (3.1.10)
) (d:/achil/texlive/2023/texmf-dist/tex/generic/pgf/basiclayer/pgfcoreexternal.code.tex
File: pgfcoreexternal.code.tex 2023-01-15 v3.1.10 (3.1.10)
\pgfexternal@startupbox=\box62
) (d:/achil/texlive/2023/texmf-dist/tex/generic/pgf/basiclayer/pgfcorelayers.code.tex
File: pgfcorelayers.code.tex 2023-01-15 v3.1.10 (3.1.10)
) (d:/achil/texlive/2023/texmf-dist/tex/generic/pgf/basiclayer/pgfcoretransparency.code.tex
File: pgfcoretransparency.code.tex 2023-01-15 v3.1.10 (3.1.10)
) (d:/achil/texlive/2023/texmf-dist/tex/generic/pgf/basiclayer/pgfcorepatterns.code.tex
File: pgfcorepatterns.code.tex 2023-01-15 v3.1.10 (3.1.10)
) (d:/achil/texlive/2023/texmf-dist/tex/generic/pgf/basiclayer/pgfcorerdf.code.tex
File: pgfcorerdf.code.tex 2023-01-15 v3.1.10 (3.1.10)
))) (d:/achil/texlive/2023/texmf-dist/tex/generic/pgf/modules/pgfmoduleshapes.code.tex
File: pgfmoduleshapes.code.tex 2023-01-15 v3.1.10 (3.1.10)
\pgfnodeparttextbox=\box63
) (d:/achil/texlive/2023/texmf-dist/tex/generic/pgf/modules/pgfmoduleplot.code.tex
File: pgfmoduleplot.code.tex 2023-01-15 v3.1.10 (3.1.10)
) (d:/achil/texlive/2023/texmf-dist/tex/latex/pgf/compatibility/pgfcomp-version-0-65.sty
Package: pgfcomp-version-0-65 2023-01-15 v3.1.10 (3.1.10)
\pgf@nodesepstart=\dimen262
\pgf@nodesepend=\dimen263
) (d:/achil/texlive/2023/texmf-dist/tex/latex/pgf/compatibility/pgfcomp-version-1-18.sty
Package: pgfcomp-version-1-18 2023-01-15 v3.1.10 (3.1.10)
)) (d:/achil/texlive/2023/texmf-dist/tex/latex/pgf/utilities/pgffor.sty (d:/achil/texlive/2023/texmf-dist/tex/latex/pgf/utilities/pgfkeys.sty (d:/achil/texlive/2023/texmf-dist/tex/generic/pgf/utilities/pgfkeys.code.tex)) (d:/achil/texlive/2023/texmf-dist/tex/latex/pgf/math/pgfmath.sty (d:/achil/texlive/2023/texmf-dist/tex/generic/pgf/math/pgfmath.code.tex)) (d:/achil/texlive/2023/texmf-dist/tex/generic/pgf/utilities/pgffor.code.tex
Package: pgffor 2023-01-15 v3.1.10 (3.1.10)
\pgffor@iter=\dimen264
\pgffor@skip=\dimen265
\pgffor@stack=\toks41
\pgffor@toks=\toks42
)) (d:/achil/texlive/2023/texmf-dist/tex/generic/pgf/frontendlayer/tikz/tikz.code.tex
Package: tikz 2023-01-15 v3.1.10 (3.1.10)
 (d:/achil/texlive/2023/texmf-dist/tex/generic/pgf/libraries/pgflibraryplothandlers.code.tex
File: pgflibraryplothandlers.code.tex 2023-01-15 v3.1.10 (3.1.10)
\pgf@plot@mark@count=\count308
\pgfplotmarksize=\dimen266
)
\tikz@lastx=\dimen267
\tikz@lasty=\dimen268
\tikz@lastxsaved=\dimen269
\tikz@lastysaved=\dimen270
\tikz@lastmovetox=\dimen271
\tikz@lastmovetoy=\dimen272
\tikzleveldistance=\dimen273
\tikzsiblingdistance=\dimen274
\tikz@figbox=\box64
\tikz@figbox@bg=\box65
\tikz@tempbox=\box66
\tikz@tempbox@bg=\box67
\tikztreelevel=\count309
\tikznumberofchildren=\count310
\tikznumberofcurrentchild=\count311
\tikz@fig@count=\count312
 (d:/achil/texlive/2023/texmf-dist/tex/generic/pgf/modules/pgfmodulematrix.code.tex
File: pgfmodulematrix.code.tex 2023-01-15 v3.1.10 (3.1.10)
\pgfmatrixcurrentrow=\count313
\pgfmatrixcurrentcolumn=\count314
\pgf@matrix@numberofcolumns=\count315
)
\tikz@expandcount=\count316
 (d:/achil/texlive/2023/texmf-dist/tex/generic/pgf/frontendlayer/tikz/libraries/tikzlibrarytopaths.code.tex
File: tikzlibrarytopaths.code.tex 2023-01-15 v3.1.10 (3.1.10)
))) (d:/achil/texlive/2023/texmf-dist/tex/generic/pgfplots/pgfplots.code.tex (d:/achil/texlive/2023/texmf-dist/tex/generic/pgfplots/pgfplotscore.code.tex
\t@pgfplots@toka=\toks43
\t@pgfplots@tokb=\toks44
\t@pgfplots@tokc=\toks45
\pgfplots@tmpa=\dimen275
\c@pgfplots@coordindex=\count317
\c@pgfplots@scanlineindex=\count318
 (d:/achil/texlive/2023/texmf-dist/tex/generic/pgfplots/sys/pgfplotssysgeneric.code.tex)) (d:/achil/texlive/2023/texmf-dist/tex/generic/pgfplots/libs/pgfplotslibrary.code.tex) (d:/achil/texlive/2023/texmf-dist/tex/generic/pgfplots/oldpgfcompatib/pgfplotsoldpgfsupp_loader.code.tex (d:/achil/texlive/2023/texmf-dist/tex/generic/pgf/libraries/pgflibraryfpu.code.tex)
Package pgfplots: loading complementary utilities for your pgf version...
\t@pgf@toka=\toks46
\t@pgf@tokb=\toks47
\t@pgf@tokc=\toks48
(d:/achil/texlive/2023/texmf-dist/tex/generic/pgfplots/oldpgfcompatib/pgfplotsoldpgfsupp_pgfutil-common-lists.tex)) (d:/achil/texlive/2023/texmf-dist/tex/generic/pgfplots/util/pgfplotsutil.code.tex (d:/achil/texlive/2023/texmf-dist/tex/generic/pgfplots/liststructure/pgfplotsliststructure.code.tex) (d:/achil/texlive/2023/texmf-dist/tex/generic/pgfplots/liststructure/pgfplotsliststructureext.code.tex) (d:/achil/texlive/2023/texmf-dist/tex/generic/pgfplots/liststructure/pgfplotsarray.code.tex
\c@pgfplotsarray@tmp=\count319
) (d:/achil/texlive/2023/texmf-dist/tex/generic/pgfplots/liststructure/pgfplotsmatrix.code.tex) (d:/achil/texlive/2023/texmf-dist/tex/generic/pgfplots/numtable/pgfplotstableshared.code.tex
\c@pgfplotstable@counta=\count320
\t@pgfplotstable@a=\toks49
) (d:/achil/texlive/2023/texmf-dist/tex/generic/pgfplots/liststructure/pgfplotsdeque.code.tex) (d:/achil/texlive/2023/texmf-dist/tex/generic/pgfplots/util/pgfplotsbinary.code.tex (d:/achil/texlive/2023/texmf-dist/tex/generic/pgfplots/util/pgfplotsbinary.data.code.tex)) (d:/achil/texlive/2023/texmf-dist/tex/generic/pgfplots/util/pgfplotsutil.verb.code.tex) (d:/achil/texlive/2023/texmf-dist/tex/generic/pgfplots/libs/pgflibrarypgfplots.surfshading.code.tex
\c@pgfplotslibrarysurf@no=\count321
 (d:/achil/texlive/2023/texmf-dist/tex/generic/pgfplots/sys/pgflibrarypgfplots.surfshading.pgfsys-pdftex.def))) (d:/achil/texlive/2023/texmf-dist/tex/generic/pgfplots/util/pgfplotscolormap.code.tex (d:/achil/texlive/2023/texmf-dist/tex/generic/pgfplots/util/pgfplotscolor.code.tex)) (d:/achil/texlive/2023/texmf-dist/tex/generic/pgfplots/pgfplotsstackedplots.code.tex) (d:/achil/texlive/2023/texmf-dist/tex/generic/pgfplots/pgfplotsplothandlers.code.tex (d:/achil/texlive/2023/texmf-dist/tex/generic/pgfplots/pgfplotsmeshplothandler.code.tex (d:/achil/texlive/2023/texmf-dist/tex/generic/pgfplots/pgfplotsmeshplotimage.code.tex))) (d:/achil/texlive/2023/texmf-dist/tex/generic/pgfplots/pgfplots.scaling.code.tex) (d:/achil/texlive/2023/texmf-dist/tex/generic/pgfplots/pgfplotscoordprocessing.code.tex) (d:/achil/texlive/2023/texmf-dist/tex/generic/pgfplots/pgfplots.errorbars.code.tex) (d:/achil/texlive/2023/texmf-dist/tex/generic/pgfplots/pgfplots.markers.code.tex) (d:/achil/texlive/2023/texmf-dist/tex/generic/pgfplots/pgfplotsticks.code.tex) (d:/achil/texlive/2023/texmf-dist/tex/generic/pgfplots/pgfplots.paths.code.tex) (d:/achil/texlive/2023/texmf-dist/tex/generic/pgf/frontendlayer/tikz/libraries/tikzlibrarydecorations.code.tex (d:/achil/texlive/2023/texmf-dist/tex/generic/pgf/modules/pgfmoduledecorations.code.tex
\pgfdecoratedcompleteddistance=\dimen276
\pgfdecoratedremainingdistance=\dimen277
\pgfdecoratedinputsegmentcompleteddistance=\dimen278
\pgfdecoratedinputsegmentremainingdistance=\dimen279
\pgf@decorate@distancetomove=\dimen280
\pgf@decorate@repeatstate=\count322
\pgfdecorationsegmentamplitude=\dimen281
\pgfdecorationsegmentlength=\dimen282
)
\tikz@lib@dec@box=\box68
) (d:/achil/texlive/2023/texmf-dist/tex/generic/pgf/frontendlayer/tikz/libraries/tikzlibrarydecorations.pathmorphing.code.tex (d:/achil/texlive/2023/texmf-dist/tex/generic/pgf/libraries/decorations/pgflibrarydecorations.pathmorphing.code.tex)) (d:/achil/texlive/2023/texmf-dist/tex/generic/pgf/frontendlayer/tikz/libraries/tikzlibrarydecorations.pathreplacing.code.tex (d:/achil/texlive/2023/texmf-dist/tex/generic/pgf/libraries/decorations/pgflibrarydecorations.pathreplacing.code.tex)) (d:/achil/texlive/2023/texmf-dist/tex/generic/pgfplots/libs/tikzlibrarypgfplots.contourlua.code.tex)
\pgfplots@numplots=\count323
\pgfplots@xmin@reg=\dimen283
\pgfplots@xmax@reg=\dimen284
\pgfplots@ymin@reg=\dimen285
\pgfplots@ymax@reg=\dimen286
\pgfplots@zmin@reg=\dimen287
\pgfplots@zmax@reg=\dimen288
) (d:/achil/texlive/2023/texmf-dist/tex/generic/pgf/frontendlayer/tikz/libraries/tikzlibraryplotmarks.code.tex
File: tikzlibraryplotmarks.code.tex 2023-01-15 v3.1.10 (3.1.10)
 (d:/achil/texlive/2023/texmf-dist/tex/generic/pgf/libraries/pgflibraryplotmarks.code.tex
File: pgflibraryplotmarks.code.tex 2023-01-15 v3.1.10 (3.1.10)
))) (d:/achil/texlive/2023/texmf-dist/tex/latex/caption/caption.sty
Package: caption 2023/03/12 v3.6j Customizing captions (AR)
 (d:/achil/texlive/2023/texmf-dist/tex/latex/caption/caption3.sty
Package: caption3 2023/03/12 v2.4 caption3 kernel (AR)
\caption@tempdima=\dimen289
\captionmargin=\dimen290
\caption@leftmargin=\dimen291
\caption@rightmargin=\dimen292
\caption@width=\dimen293
\caption@indent=\dimen294
\caption@parindent=\dimen295
\caption@hangindent=\dimen296
Package caption Info: Standard document class detected.
)
\c@caption@flags=\count324
\c@continuedfloat=\count325
Package caption Info: float package is loaded.
) (d:/achil/texlive/2023/texmf-dist/tex/latex/caption/subcaption.sty
Package: subcaption 2023/02/19 v1.6 Sub-captions (AR)
Package caption Info: New subtype `subfigure' on input line 239.
\c@subfigure=\count326
Package caption Info: New subtype `subtable' on input line 239.
\c@subtable=\count327
) (d:/achil/texlive/2023/texmf-dist/tex/latex/mathtools/empheq.sty
Package: empheq 2017/03/31 v2.15 Emphasizing equations
 (d:/achil/texlive/2023/texmf-dist/tex/latex/mathtools/mhsetup.sty
Package: mhsetup 2021/03/18 v1.4 programming setup (MH)
) (d:/achil/texlive/2023/texmf-dist/tex/latex/mathtools/mathtools.sty
Package: mathtools 2022/06/29 v1.29 mathematical typesetting tools
\g_MT_multlinerow_int=\count328
\l_MT_multwidth_dim=\dimen297
\origjot=\skip68
\l_MT_shortvdotswithinadjustabove_dim=\dimen298
\l_MT_shortvdotswithinadjustbelow_dim=\dimen299
\l_MT_above_intertext_sep=\dimen300
\l_MT_below_intertext_sep=\dimen301
\l_MT_above_shortintertext_sep=\dimen302
\l_MT_below_shortintertext_sep=\dimen303
\xmathstrut@box=\box69
\xmathstrut@dim=\dimen304
)
\l_EQ_equationtype_int=\count329
\l_EQ_alignmentmode_int=\count330
\l_EQ_totalwidth_dim=\dimen305
\l_EQ_displaywidth_dim=\dimen306
\l_EQ_temp_linewidth_dim=\dimen307
\l_EQ_linewidth_dim=\dimen308
\EmphEqdelimitershortfall=\dimen309
\EmphEqdelimiterfactor=\count331
\g_EQ_toptag_height_dim=\dimen310
\g_EQ_bottomtag_depth_dim=\dimen311
\g_EQ_toprow_height_dim=\dimen312
\g_EQ_bottomrow_depth_dim=\dimen313
\g_EQ_widesttag_dim=\dimen314
\EQ_mathdisplay_box=\box70
\EQ_tag_box=\box71
\g_EQ_temprow_int=\count332
) (d:/achil/texlive/2023/texmf-dist/tex/latex/tcolorbox/tcolorbox.sty
Package: tcolorbox 2023/03/17 version 6.0.3 text color boxes
 (d:/achil/texlive/2023/texmf-dist/tex/latex/tools/verbatim.sty
Package: verbatim 2022-07-02 v1.5u LaTeX2e package for verbatim enhancements
\every@verbatim=\toks50
\verbatim@line=\toks51
\verbatim@in@stream=\read4
) (d:/achil/texlive/2023/texmf-dist/tex/latex/environ/environ.sty
Package: environ 2014/05/04 v0.3 A new way to define environments
 (d:/achil/texlive/2023/texmf-dist/tex/latex/trimspaces/trimspaces.sty
Package: trimspaces 2009/09/17 v1.1 Trim spaces around a token list
))
\tcb@titlebox=\box72
\tcb@upperbox=\box73
\tcb@lowerbox=\box74
\tcb@phantombox=\box75
\c@tcbbreakpart=\count333
\c@tcblayer=\count334
\c@tcolorbox@number=\count335
\tcb@temp=\box76
\tcb@temp=\box77
\tcb@temp=\box78
\tcb@temp=\box79
 (d:/achil/texlive/2023/texmf-dist/tex/latex/tcolorbox/tcbraster.code.tex
Library (tcolorbox): 'tcbraster.code.tex' version '6.0.3'
\c@tcbrastercolumn=\count336
\c@tcbrasterrow=\count337
\c@tcbrasternum=\count338
\c@tcbraster=\count339
) (d:/achil/texlive/2023/texmf-dist/tex/latex/tcolorbox/tcbskins.code.tex
Library (tcolorbox): 'tcbskins.code.tex' version '6.0.3'
(d:/achil/texlive/2023/texmf-dist/tex/latex/tikzfill/tikzfill.image.sty
Package: tikzfill.image 2022/07/20 v1.0.0 Image filling library for TikZ
 (d:/achil/texlive/2023/texmf-dist/tex/latex/tikzfill/tikzfill-common.sty
Package: tikzfill-common 2022/07/20 v1.0.0 Auxiliary code for tikzfill
) (d:/achil/texlive/2023/texmf-dist/tex/latex/tikzfill/tikzlibraryfill.image.code.tex
File: tikzlibraryfill.image.code.tex 2022/07/20 v1.0.0 Image filling library
\l__tikzfill_img_box=\box80
)) (d:/achil/texlive/2023/texmf-dist/tex/latex/tcolorbox/tcbskinsjigsaw.code.tex
Library (tcolorbox): 'tcbskinsjigsaw.code.tex' version '6.0.3'
)) (d:/achil/texlive/2023/texmf-dist/tex/latex/tcolorbox/tcbbreakable.code.tex
Library (tcolorbox): 'tcbbreakable.code.tex' version '6.0.3'
(d:/achil/texlive/2023/texmf-dist/tex/latex/pdfcol/pdfcol.sty
Package: pdfcol 2022-09-21 v1.7 Handle new color stacks for pdfTeX (HO)
 (d:/achil/texlive/2023/texmf-dist/tex/generic/ltxcmds/ltxcmds.sty
Package: ltxcmds 2020-05-10 v1.25 LaTeX kernel commands for general use (HO)
) (d:/achil/texlive/2023/texmf-dist/tex/generic/infwarerr/infwarerr.sty
Package: infwarerr 2019/12/03 v1.5 Providing info/warning/error messages (HO)
))
Package pdfcol Info: New color stack `tcb@breakable' = 1 on input line 23.
\tcb@testbox=\box81
\tcb@totalupperbox=\box82
\tcb@totallowerbox=\box83
) (d:/achil/texlive/2023/texmf-dist/tex/latex/tcolorbox/tcbhooks.code.tex
Library (tcolorbox): 'tcbhooks.code.tex' version '6.0.3'
) (d:/achil/texlive/2023/texmf-dist/tex/latex/tcolorbox/tcbtheorems.code.tex
Library (tcolorbox): 'tcbtheorems.code.tex' version '6.0.3'
) (d:/achil/texlive/2023/texmf-dist/tex/latex/tcolorbox/tcbfitting.code.tex
Library (tcolorbox): 'tcbfitting.code.tex' version '6.0.3'
\tcbfitdim=\dimen315
\tcb@lowerfitdim=\dimen316
\tcb@upperfitdim=\dimen317
\tcb@cur@hbadness=\count340
) (d:/achil/texlive/2023/texmf-dist/tex/latex/tcolorbox/tcblistingsutf8.code.tex
Library (tcolorbox): 'tcblistingsutf8.code.tex' version '6.0.3'
(d:/achil/texlive/2023/texmf-dist/tex/latex/tcolorbox/tcblistings.code.tex
Library (tcolorbox): 'tcblistings.code.tex' version '6.0.3'
(d:/achil/texlive/2023/texmf-dist/tex/latex/listings/listings.sty
\lst@mode=\count341
\lst@gtempboxa=\box84
\lst@token=\toks52
\lst@length=\count342
\lst@currlwidth=\dimen318
\lst@column=\count343
\lst@pos=\count344
\lst@lostspace=\dimen319
\lst@width=\dimen320
\lst@newlines=\count345
\lst@lineno=\count346
\lst@maxwidth=\dimen321
 (d:/achil/texlive/2023/texmf-dist/tex/latex/listings/lstmisc.sty
File: lstmisc.sty 2023/02/27 1.9 (Carsten Heinz)
\c@lstnumber=\count347
\lst@skipnumbers=\count348
\lst@framebox=\box85
) (d:/achil/texlive/2023/texmf-dist/tex/latex/listings/listings.cfg
File: listings.cfg 2023/02/27 1.9 listings configuration
))
Package: listings 2023/02/27 1.9 (Carsten Heinz)
 (d:/achil/texlive/2023/texmf-dist/tex/latex/tcolorbox/tcblistingscore.code.tex
Library (tcolorbox): 'tcblistingscore.code.tex' version '6.0.3'
(d:/achil/texlive/2023/texmf-dist/tex/latex/tcolorbox/tcbprocessing.code.tex
Library (tcolorbox): 'tcbprocessing.code.tex' version '6.0.3'
(d:/achil/texlive/2023/texmf-dist/tex/generic/pdftexcmds/pdftexcmds.sty
Package: pdftexcmds 2020-06-27 v0.33 Utility functions of pdfTeX for LuaTeX (HO)
Package pdftexcmds Info: \pdf@primitive is available.
Package pdftexcmds Info: \pdf@ifprimitive is available.
Package pdftexcmds Info: \pdfdraftmode found.
) (d:/achil/texlive/2023/texmf-dist/tex/latex/tools/shellesc.sty
Package: shellesc 2019/11/08 v1.0c unified shell escape interface for LaTeX
Package shellesc Info: Restricted shell escape enabled on input line 77.
))
\c@tcblisting=\count349
)) (d:/achil/texlive/2023/texmf-dist/tex/latex/listingsutf8/listingsutf8.sty
Package: listingsutf8 2019-12-10 v1.5 Allow UTF-8 in listings input (HO)
 (d:/achil/texlive/2023/texmf-dist/tex/generic/stringenc/stringenc.sty
Package: stringenc 2019/11/29 v1.12 Convert strings between diff. encodings (HO)
 (d:/achil/texlive/2023/texmf-dist/tex/generic/pdfescape/pdfescape.sty
Package: pdfescape 2019/12/09 v1.15 Implements pdfTeX's escape features (HO)
)))) (d:/achil/texlive/2023/texmf-dist/tex/latex/tcolorbox/tcbexternal.code.tex
Library (tcolorbox): 'tcbexternal.code.tex' version '6.0.3'
) (d:/achil/texlive/2023/texmf-dist/tex/latex/tcolorbox/tcbmagazine.code.tex
Library (tcolorbox): 'tcbmagazine.code.tex' version '6.0.3'
) (d:/achil/texlive/2023/texmf-dist/tex/latex/tcolorbox/tcbvignette.code.tex
Library (tcolorbox): 'tcbvignette.code.tex' version '6.0.3'
(d:/achil/texlive/2023/texmf-dist/tex/generic/pgf/frontendlayer/tikz/libraries/tikzlibraryfadings.code.tex
File: tikzlibraryfadings.code.tex 2023-01-15 v3.1.10 (3.1.10)
 (d:/achil/texlive/2023/texmf-dist/tex/generic/pgf/libraries/pgflibraryfadings.code.tex
File: pgflibraryfadings.code.tex 2023-01-15 v3.1.10 (3.1.10)
))) (d:/achil/texlive/2023/texmf-dist/tex/latex/tcolorbox/tcbposter.code.tex
Library (tcolorbox): 'tcbposter.code.tex' version '6.0.3'
)) (d:/achil/texlive/2023/texmf-dist/tex/latex/framed/framed.sty
Package: framed 2011/10/22 v 0.96: framed or shaded text with page breaks
\OuterFrameSep=\skip69
\fb@frw=\dimen322
\fb@frh=\dimen323
\FrameRule=\dimen324
\FrameSep=\dimen325
) (d:/achil/texlive/2023/texmf-dist/tex/latex/hyperref/hyperref.sty
Package: hyperref 2023-05-16 v7.00y Hypertext links for LaTeX
 (d:/achil/texlive/2023/texmf-dist/tex/latex/kvsetkeys/kvsetkeys.sty
Package: kvsetkeys 2022-10-05 v1.19 Key value parser (HO)
) (d:/achil/texlive/2023/texmf-dist/tex/generic/kvdefinekeys/kvdefinekeys.sty
Package: kvdefinekeys 2019-12-19 v1.6 Define keys (HO)
) (d:/achil/texlive/2023/texmf-dist/tex/latex/hycolor/hycolor.sty
Package: hycolor 2020-01-27 v1.10 Color options for hyperref/bookmark (HO)
) (d:/achil/texlive/2023/texmf-dist/tex/latex/letltxmacro/letltxmacro.sty
Package: letltxmacro 2019/12/03 v1.6 Let assignment for LaTeX macros (HO)
) (d:/achil/texlive/2023/texmf-dist/tex/latex/auxhook/auxhook.sty
Package: auxhook 2019-12-17 v1.6 Hooks for auxiliary files (HO)
) (d:/achil/texlive/2023/texmf-dist/tex/latex/hyperref/nameref.sty
Package: nameref 2023-05-16 v2.51 Cross-referencing by name of section
 (d:/achil/texlive/2023/texmf-dist/tex/latex/refcount/refcount.sty
Package: refcount 2019/12/15 v3.6 Data extraction from label references (HO)
) (d:/achil/texlive/2023/texmf-dist/tex/generic/gettitlestring/gettitlestring.sty
Package: gettitlestring 2019/12/15 v1.6 Cleanup title references (HO)
 (d:/achil/texlive/2023/texmf-dist/tex/latex/kvoptions/kvoptions.sty
Package: kvoptions 2022-06-15 v3.15 Key value format for package options (HO)
))
\c@section@level=\count350
)
\@linkdim=\dimen326
\Hy@linkcounter=\count351
\Hy@pagecounter=\count352
 (d:/achil/texlive/2023/texmf-dist/tex/latex/hyperref/pd1enc.def
File: pd1enc.def 2023-05-16 v7.00y Hyperref: PDFDocEncoding definition (HO)
Now handling font encoding PD1 ...
... no UTF-8 mapping file for font encoding PD1
) (d:/achil/texlive/2023/texmf-dist/tex/generic/intcalc/intcalc.sty
Package: intcalc 2019/12/15 v1.3 Expandable calculations with integers (HO)
)
\Hy@SavedSpaceFactor=\count353
 (d:/achil/texlive/2023/texmf-dist/tex/latex/hyperref/puenc.def
File: puenc.def 2023-05-16 v7.00y Hyperref: PDF Unicode definition (HO)
Now handling font encoding PU ...
... no UTF-8 mapping file for font encoding PU
)
Package hyperref Info: Hyper figures OFF on input line 4167.
Package hyperref Info: Link nesting OFF on input line 4172.
Package hyperref Info: Hyper index ON on input line 4175.
Package hyperref Info: Plain pages OFF on input line 4182.
Package hyperref Info: Backreferencing OFF on input line 4187.
Package hyperref Info: Implicit mode ON; LaTeX internals redefined.
Package hyperref Info: Bookmarks ON on input line 4434.
\c@Hy@tempcnt=\count354
 (d:/achil/texlive/2023/texmf-dist/tex/latex/url/url.sty
\Urlmuskip=\muskip17
Package: url 2013/09/16  ver 3.4  Verb mode for urls, etc.
)
LaTeX Info: Redefining \url on input line 4772.
\XeTeXLinkMargin=\dimen327
 (d:/achil/texlive/2023/texmf-dist/tex/generic/bitset/bitset.sty
Package: bitset 2019/12/09 v1.3 Handle bit-vector datatype (HO)
 (d:/achil/texlive/2023/texmf-dist/tex/generic/bigintcalc/bigintcalc.sty
Package: bigintcalc 2019/12/15 v1.5 Expandable calculations on big integers (HO)
))
\Fld@menulength=\count355
\Field@Width=\dimen328
\Fld@charsize=\dimen329
Package hyperref Info: Hyper figures OFF on input line 6051.
Package hyperref Info: Link nesting OFF on input line 6056.
Package hyperref Info: Hyper index ON on input line 6059.
Package hyperref Info: backreferencing OFF on input line 6066.
Package hyperref Info: Link coloring OFF on input line 6071.
Package hyperref Info: Link coloring with OCG OFF on input line 6076.
Package hyperref Info: PDF/A mode OFF on input line 6081.
 (d:/achil/texlive/2023/texmf-dist/tex/latex/base/atbegshi-ltx.sty
Package: atbegshi-ltx 2021/01/10 v1.0c Emulation of the original atbegshi
package with kernel methods
)
\Hy@abspage=\count356
\c@Item=\count357
\c@Hfootnote=\count358
)
Package hyperref Info: Driver (autodetected): hpdftex.
 (d:/achil/texlive/2023/texmf-dist/tex/latex/hyperref/hpdftex.def
File: hpdftex.def 2023-05-16 v7.00y Hyperref driver for pdfTeX
 (d:/achil/texlive/2023/texmf-dist/tex/latex/base/atveryend-ltx.sty
Package: atveryend-ltx 2020/08/19 v1.0a Emulation of the original atveryend package
with kernel methods
)
\Fld@listcount=\count359
\c@bookmark@seq@number=\count360
 (d:/achil/texlive/2023/texmf-dist/tex/latex/rerunfilecheck/rerunfilecheck.sty
Package: rerunfilecheck 2022-07-10 v1.10 Rerun checks for auxiliary files (HO)
 (d:/achil/texlive/2023/texmf-dist/tex/generic/uniquecounter/uniquecounter.sty
Package: uniquecounter 2019/12/15 v1.4 Provide unlimited unique counter (HO)
)
Package uniquecounter Info: New unique counter `rerunfilecheck' on input line 285.
)
\Hy@SectionHShift=\skip70
)
Package hyperref Info: Option `colorlinks' set `true' on input line 60.
 (d:/achil/texlive/2023/texmf-dist/tex/latex/circuitikz/circuitikz.sty
Package: circuitikz 2023/05/13{} The CircuiTikz circuit drawing package version 1.6.2
 (d:/achil/texlive/2023/texmf-dist/tex/generic/pgf/frontendlayer/tikz/libraries/tikzlibrarycalc.code.tex
File: tikzlibrarycalc.code.tex 2023-01-15 v3.1.10 (3.1.10)
) (d:/achil/texlive/2023/texmf-dist/tex/generic/pgf/libraries/pgflibraryarrows.meta.code.tex
File: pgflibraryarrows.meta.code.tex 2023-01-15 v3.1.10 (3.1.10)
\pgfarrowinset=\dimen330
\pgfarrowlength=\dimen331
\pgfarrowwidth=\dimen332
\pgfarrowlinewidth=\dimen333
) (d:/achil/texlive/2023/texmf-dist/tex/generic/pgf/frontendlayer/tikz/libraries/tikzlibrarybending.code.tex
File: tikzlibrarybending.code.tex 2023-01-15 v3.1.10 (3.1.10)
 (d:/achil/texlive/2023/texmf-dist/tex/generic/pgf/modules/pgfmodulebending.code.tex
File: pgfmodulebending.code.tex 2023-01-15 v3.1.10 (3.1.10)
 (d:/achil/texlive/2023/texmf-dist/tex/generic/pgf/modules/pgfmodulenonlineartransformations.code.tex
File: pgfmodulenonlineartransformations.code.tex 2023-01-15 v3.1.10 (3.1.10)
\pgftransformnonlinearflatness=\dimen334
) (d:/achil/texlive/2023/texmf-dist/tex/generic/pgf/libraries/pgflibrarycurvilinear.code.tex
File: pgflibrarycurvilinear.code.tex 2023-01-15 v3.1.10 (3.1.10)
\pgf@curvilinear@time@a=\dimen335
\pgf@curvilinear@length@a=\dimen336
\pgf@curvilinear@length@b=\dimen337
\pgf@curvilinear@length@c=\dimen338
\pgf@curvilinear@length@d=\dimen339
)
\pgf@arrows@the@rigidity=\dimen340
)) (d:/achil/texlive/2023/texmf-dist/tex/generic/pgf/frontendlayer/tikz/libraries/tikzlibraryfpu.code.tex) (d:/achil/texlive/2023/texmf-dist/tex/generic/circuitikz/pgfcirc.defines.tex
\pgf@circ@count@a=\count361
\pgf@circ@count@b=\count362
\pgf@circ@count@c=\count363
\pgf@circ@res@up=\dimen341
\pgf@circ@res@down=\dimen342
\pgf@circ@res@zero=\dimen343
\pgf@circ@res@left=\dimen344
\pgf@circ@res@right=\dimen345
\pgf@circ@res@other=\dimen346
\pgf@circ@res@step=\dimen347
\pgf@circ@res@temp=\dimen348
\pgf@circ@Rlen=\dimen349
\pgf@circ@scaled@Rlen=\dimen350
\pgfstartlinewidth=\dimen351
) (d:/achil/texlive/2023/texmf-dist/tex/generic/circuitikz/pgfcircutils.tex
\ctikz@scratchbox=\box86
) (d:/achil/texlive/2023/texmf-dist/tex/generic/circuitikz/pgfcircpath.tex) (d:/achil/texlive/2023/texmf-dist/tex/generic/circuitikz/pgfcircshapes.tex) (d:/achil/texlive/2023/texmf-dist/tex/generic/circuitikz/pgfcircmonopoles.tex) (d:/achil/texlive/2023/texmf-dist/tex/generic/circuitikz/pgfcircbipoles.tex) (d:/achil/texlive/2023/texmf-dist/tex/generic/circuitikz/pgfcirctripoles.tex
\pgf@circ@res@count=\count364
) (d:/achil/texlive/2023/texmf-dist/tex/generic/circuitikz/pgfcircquadpoles.tex) (d:/achil/texlive/2023/texmf-dist/tex/generic/circuitikz/pgfcircmultipoles.tex) (d:/achil/texlive/2023/texmf-dist/tex/generic/circuitikz/pgfcirclabel.tex) (d:/achil/texlive/2023/texmf-dist/tex/generic/circuitikz/pgfcircvoltage.tex
\pgfcirc@labelshift=\dimen352
) (d:/achil/texlive/2023/texmf-dist/tex/generic/circuitikz/pgfcirccurrent.tex) (d:/achil/texlive/2023/texmf-dist/tex/generic/circuitikz/pgfcircflow.tex)) (d:/achil/texlive/2023/texmf-dist/tex/latex/wrapfig/wrapfig.sty
\wrapoverhang=\dimen353
\WF@size=\dimen354
\c@WF@wrappedlines=\count365
\WF@box=\box87
\WF@everypar=\toks53
Package: wrapfig 2003/01/31  v 3.6
) (d:/achil/texlive/2023/texmf-dist/tex/latex/fontawesome5/fontawesome5.sty (d:/achil/texlive/2023/texmf-dist/tex/latex/l3kernel/expl3.sty
Package: expl3 2023-05-22 L3 programming layer (loader) 
 (d:/achil/texlive/2023/texmf-dist/tex/latex/l3backend/l3backend-pdftex.def
File: l3backend-pdftex.def 2023-04-19 L3 backend support: PDF output (pdfTeX)
\l__color_backend_stack_int=\count366
\l__pdf_internal_box=\box88
))
Package: fontawesome5 2022/05/02 v5.15.4 Font Awesome 5
 (d:/achil/texlive/2023/texmf-dist/tex/latex/l3packages/l3keys2e/l3keys2e.sty
Package: l3keys2e 2023-02-02 LaTeX2e option processing using LaTeX3 keys
) (d:/achil/texlive/2023/texmf-dist/tex/latex/l3packages/xparse/xparse.sty
Package: xparse 2023-02-02 L3 Experimental document command parser
) (d:/achil/texlive/2023/texmf-dist/tex/latex/fontawesome5/fontawesome5-generic-helper.sty
Package: fontawesome5-generic-helper 2022/05/02 v5.15.4 non-uTeX helper for fontawesome5
 (d:/achil/texlive/2023/texmf-dist/tex/latex/fontawesome5/fontawesome5-mapping.def))) (d:/achil/texlive/2023/texmf-dist/tex/latex/oberdiek/colonequals.sty
Package: colonequals 2016/05/16 v1.1 Colon equals symbols (HO)
) (d:/achil/texlive/2023/texmf-dist/tex/generic/pgf/frontendlayer/tikz/libraries/circuits/tikzlibrarycircuits.ee.IEC.code.tex (d:/achil/texlive/2023/texmf-dist/tex/generic/pgf/frontendlayer/tikz/libraries/tikzlibraryarrows.code.tex
File: tikzlibraryarrows.code.tex 2023-01-15 v3.1.10 (3.1.10)
 (d:/achil/texlive/2023/texmf-dist/tex/generic/pgf/libraries/pgflibraryarrows.code.tex
File: pgflibraryarrows.code.tex 2023-01-15 v3.1.10 (3.1.10)
\arrowsize=\dimen355
)) (d:/achil/texlive/2023/texmf-dist/tex/generic/pgf/frontendlayer/tikz/libraries/circuits/tikzlibrarycircuits.ee.code.tex (d:/achil/texlive/2023/texmf-dist/tex/generic/pgf/frontendlayer/tikz/libraries/circuits/tikzlibrarycircuits.code.tex (d:/achil/texlive/2023/texmf-dist/tex/generic/pgf/frontendlayer/tikz/libraries/tikzlibrarydecorations.markings.code.tex (d:/achil/texlive/2023/texmf-dist/tex/generic/pgf/libraries/decorations/pgflibrarydecorations.markings.code.tex))
\tikz@lib@circ@count=\count367
\tikzcircuitssizeunit=\dimen356
) (d:/achil/texlive/2023/texmf-dist/tex/generic/pgf/libraries/shapes/circuits/pgflibraryshapes.gates.ee.code.tex)) (d:/achil/texlive/2023/texmf-dist/tex/generic/pgf/libraries/shapes/circuits/pgflibraryshapes.gates.ee.IEC.code.tex))
LaTeX Font Info:    Trying to load font information for OT1+ptm on input line 106.
 (d:/achil/texlive/2023/texmf-dist/tex/latex/psnfss/ot1ptm.fd
File: ot1ptm.fd 2001/06/04 font definitions for OT1/ptm.
) (tmp/main.aux (tmp/Chapter1.aux) (tmp/Chapter2.aux) (tmp/Chapter3.aux) (tmp/Chapter4.aux) (tmp/Chapter5.aux) (tmp/Chapter6.aux) (tmp/Chapter8.aux) (tmp/Chapter11.aux) (tmp/Chapter9.aux) (tmp/Chapter10.aux) (tmp/Chapter7.aux) (tmp/Chapter12.aux) (tmp/Chapter14.aux))
\openout1 = `main.aux'.

LaTeX Font Info:    Checking defaults for OML/cmm/m/it on input line 106.
LaTeX Font Info:    ... okay on input line 106.
LaTeX Font Info:    Checking defaults for OMS/cmsy/m/n on input line 106.
LaTeX Font Info:    ... okay on input line 106.
LaTeX Font Info:    Checking defaults for OT1/cmr/m/n on input line 106.
LaTeX Font Info:    ... okay on input line 106.
LaTeX Font Info:    Checking defaults for T1/cmr/m/n on input line 106.
LaTeX Font Info:    ... okay on input line 106.
LaTeX Font Info:    Checking defaults for TS1/cmr/m/n on input line 106.
LaTeX Font Info:    ... okay on input line 106.
LaTeX Font Info:    Checking defaults for OMX/cmex/m/n on input line 106.
LaTeX Font Info:    ... okay on input line 106.
LaTeX Font Info:    Checking defaults for U/cmr/m/n on input line 106.
LaTeX Font Info:    ... okay on input line 106.
LaTeX Font Info:    Checking defaults for PD1/pdf/m/n on input line 106.
LaTeX Font Info:    ... okay on input line 106.
LaTeX Font Info:    Checking defaults for PU/pdf/m/n on input line 106.
LaTeX Font Info:    ... okay on input line 106.
LaTeX Info: Redefining \it@ocap on input line 106.
LaTeX Info: Redefining \it@ccap on input line 106.


File italian.ldf warning: 
italian.ldf    With OT1 encoding guillemets are poorly faked
italian.ldf    Use T1 encoding
italian.ldf    or specify a font with command \CaporaliFrom
italian.ldf    See the documentation concerning the babel-italian typesetting 
italian.ldf    on input line 106.

(d:/achil/texlive/2023/texmf-dist/tex/context/base/mkii/supp-pdf.mkii
[Loading MPS to PDF converter (version 2006.09.02).]
\scratchcounter=\count368
\scratchdimen=\dimen357
\scratchbox=\box89
\nofMPsegments=\count369
\nofMParguments=\count370
\everyMPshowfont=\toks54
\MPscratchCnt=\count371
\MPscratchDim=\dimen358
\MPnumerator=\count372
\makeMPintoPDFobject=\count373
\everyMPtoPDFconversion=\toks55
) (d:/achil/texlive/2023/texmf-dist/tex/latex/epstopdf-pkg/epstopdf-base.sty
Package: epstopdf-base 2020-01-24 v2.11 Base part for package epstopdf
Package epstopdf-base Info: Redefining graphics rule for `.eps' on input line 485.
 (d:/achil/texlive/2023/texmf-dist/tex/latex/latexconfig/epstopdf-sys.cfg
File: epstopdf-sys.cfg 2010/07/13 v1.3 Configuration of (r)epstopdf for TeX Live
)) (d:/achil/texlive/2023/texmf-dist/tex/latex/pdflscape/pdflscape.sty
Package: pdflscape 2022-10-27 v0.13 Display of landscape pages in PDF
 (d:/achil/texlive/2023/texmf-dist/tex/latex/pdflscape/pdflscape-nometadata.sty
Package: pdflscape-nometadata 2022-10-28 v0.13 Display of landscape pages in PDF (HO)
 (d:/achil/texlive/2023/texmf-dist/tex/latex/graphics/lscape.sty
Package: lscape 2020/05/28 v3.02 Landscape Pages (DPC)
)
Package pdflscape Info: Auto-detected driver: pdftex on input line 81.
))
*geometry* driver: auto-detecting
*geometry* detected driver: pdftex
*geometry* verbose mode - [ preamble ] result:
* driver: pdftex
* paper: a4paper
* layout: <same size as paper>
* layoutoffset:(h,v)=(0.0pt,0.0pt)
* modes: 
* h-part:(L,W,R)=(81.94394pt, 433.62pt, 81.94394pt)
* v-part:(T,H,B)=(48.93872pt, 722.7pt, 73.40813pt)
* \paperwidth=597.50787pt
* \paperheight=845.04684pt
* \textwidth=433.62pt
* \textheight=722.7pt
* \oddsidemargin=9.67395pt
* \evensidemargin=9.67395pt
* \topmargin=-57.01248pt
* \headheight=12.0pt
* \headsep=21.68121pt
* \topskip=10.0pt
* \footskip=25.29494pt
* \marginparwidth=69.0pt
* \marginparsep=7.0pt
* \columnsep=10.0pt
* \skip\footins=9.0pt plus 4.0pt minus 2.0pt
* \hoffset=0.0pt
* \voffset=0.0pt
* \mag=1000
* \@twocolumnfalse
* \@twosidefalse
* \@mparswitchfalse
* \@reversemarginfalse
* (1in=72.27pt=25.4mm, 1cm=28.453pt)


Package pgfplots Warning: running in backwards compatibility mode (unsuitable tick labels; missing features). Consider writing \pgfplotsset{compat=1.18} into your preamble.
 on input line 106.

Package caption Info: Begin \AtBeginDocument code.
Package caption Info: hyperref package is loaded.
Package caption Info: listings package is loaded.
Package caption Info: wrapfig package is loaded.
Package caption Info: End \AtBeginDocument code.
\c@lstlisting=\count374
Package hyperref Info: Link coloring ON on input line 106.
(tmp/main.out) (tmp/main.out)
\@outlinefile=\write4
\openout4 = `main.out'.

 [1


{d:/achil/texlive/2023/texmf-var/fonts/map/pdftex/updmap/pdftex.map}{d:/achil/texlive/2023/texmf-dist/fonts/enc/dvips/base/8r.enc}] (tmp/main.toc
LaTeX Font Info:    Trying to load font information for OT1+ztmcm on input line 4.
 (d:/achil/texlive/2023/texmf-dist/tex/latex/psnfss/ot1ztmcm.fd
File: ot1ztmcm.fd 2000/01/03 Fontinst v1.801 font definitions for OT1/ztmcm.
)
LaTeX Font Info:    Trying to load font information for OML+ztmcm on input line 4.
 (d:/achil/texlive/2023/texmf-dist/tex/latex/psnfss/omlztmcm.fd
File: omlztmcm.fd 2000/01/03 Fontinst v1.801 font definitions for OML/ztmcm.
)
LaTeX Font Info:    Trying to load font information for OMS+ztmcm on input line 4.
 (d:/achil/texlive/2023/texmf-dist/tex/latex/psnfss/omsztmcm.fd
File: omsztmcm.fd 2000/01/03 Fontinst v1.801 font definitions for OMS/ztmcm.
)
LaTeX Font Info:    Trying to load font information for OMX+ztmcm on input line 4.
 (d:/achil/texlive/2023/texmf-dist/tex/latex/psnfss/omxztmcm.fd
File: omxztmcm.fd 2000/01/03 Fontinst v1.801 font definitions for OMX/ztmcm.
)
LaTeX Font Info:    Trying to load font information for U+rsfs on input line 4.
 (d:/achil/texlive/2023/texmf-dist/tex/latex/jknapltx/ursfs.fd
File: ursfs.fd 1998/03/24 rsfs font definition file (jk)
)
LaTeX Font Info:    Font shape `OT1/ptm/bx/n' in size <12> not available
(Font)              Font shape `OT1/ptm/b/n' tried instead on input line 4.
LaTeX Font Info:    Font shape `OT1/ptm/bx/n' in size <9> not available
(Font)              Font shape `OT1/ptm/b/n' tried instead on input line 4.
LaTeX Font Info:    Font shape `OT1/ptm/bx/n' in size <7> not available
(Font)              Font shape `OT1/ptm/b/n' tried instead on input line 4.
LaTeX Font Info:    Trying to load font information for U+esvect on input line 4.
 (d:/achil/texlive/2023/texmf-dist/tex/latex/esvect/uesvect.fd
File: uesvect.fd 
)
pdfTeX warning (ext4): destination with the same identifier (name{page.1}) has been already used, duplicate ignored
<to be read again> 
                   \relax 
l.41 ...uivalente Asincrono}{21}{subsection.6.4.2}
                                                  % [1

])
\tf@toc=\write5
\openout5 = `main.toc'.

 [2]
\openout2 = `Chapter1.aux'.

 (./Chapter1.tex
Capitolo 1.
<Images/figure1.jpg, id=371, 1284.8pt x 537.00626pt>
File: Images/figure1.jpg Graphic file (type jpg)
<use Images/figure1.jpg>
Package pdftex.def Info: Images/figure1.jpg  used on input line 4.
(pdftex.def)             Requested size: 433.62pt x 181.23589pt.
LaTeX Font Info:    Font shape `OT1/ptm/bx/n' in size <14.4> not available
(Font)              Font shape `OT1/ptm/b/n' tried instead on input line 7.
LaTeX Font Info:    Font shape `OT1/ptm/bx/n' in size <10.95> not available
(Font)              Font shape `OT1/ptm/b/n' tried instead on input line 7.
LaTeX Font Info:    Font shape `OT1/ptm/bx/n' in size <8> not available
(Font)              Font shape `OT1/ptm/b/n' tried instead on input line 7.
) [3


 <./Images/figure1.jpg>] [4]
\openout2 = `Chapter2.aux'.

 (./Chapter2.tex
Capitolo 2.
<Images/figure2.png, id=384, 246.1697pt x 148.30406pt>
File: Images/figure2.png Graphic file (type png)
<use Images/figure2.png>
Package pdftex.def Info: Images/figure2.png  used on input line 4.
(pdftex.def)             Requested size: 173.44534pt x 104.49553pt.

Underfull \hbox (badness 10000) in paragraph at lines 6--8

 []

LaTeX Font Info:    Trying to load font information for TS1+ptm on input line 9.
(d:/achil/texlive/2023/texmf-dist/tex/latex/psnfss/ts1ptm.fd
File: ts1ptm.fd 2001/06/04 font definitions for TS1/ptm.
)
<Images/figure3.png, id=386, 242.40562pt x 148.30406pt>
File: Images/figure3.png Graphic file (type png)
<use Images/figure3.png>
Package pdftex.def Info: Images/figure3.png  used on input line 15.
(pdftex.def)             Requested size: 173.44534pt x 106.12032pt.
LaTeX Font Info:    Font shape `OT1/ptm/bx/n' in size <17.28> not available
(Font)              Font shape `OT1/ptm/b/n' tried instead on input line 17.
LaTeX Font Info:    Font shape `OT1/ptm/bx/n' in size <10> not available
(Font)              Font shape `OT1/ptm/b/n' tried instead on input line 17.
 [5




 <./Images/figure2.png> <./Images/figure3.png>]
Underfull \hbox (badness 10000) in paragraph at lines 26--28

 []


Underfull \hbox (badness 10000) in paragraph at lines 26--28

 []

<Images/figure4.png, id=394, 243.15843pt x 139.27031pt>
File: Images/figure4.png Graphic file (type png)
<use Images/figure4.png>
Package pdftex.def Info: Images/figure4.png  used on input line 43.
(pdftex.def)             Requested size: 173.44534pt x 99.34161pt.
[6 <./Images/figure4.png>]) [7]
\openout2 = `Chapter3.aux'.

 (./Chapter3.tex
Capitolo 3.

Underfull \hbox (badness 10000) in paragraph at lines 2--3

 []


Underfull \hbox (badness 10000) in paragraph at lines 2--3

 []

<Images/figure5.png, id=408, 118.5228pt x 115.8729pt>
File: Images/figure5.png Graphic file (type png)
<use Images/figure5.png>
Package pdftex.def Info: Images/figure5.png  used on input line 4.
(pdftex.def)             Requested size: 260.17464pt x 254.40486pt.
[8




 <./Images/figure5.png>]
Underfull \hbox (badness 10000) in paragraph at lines 30--33

 []

[9]

LaTeX Warning: Command \textsterling invalid in math mode on input line 56.


LaTeX Warning: Command \textsterling invalid in math mode on input line 56.

Missing character: There is no  in font zptmcm7t!
[10]
<Images/figure6.png, id=426, 572.1375pt x 571.38469pt>
File: Images/figure6.png Graphic file (type png)
<use Images/figure6.png>
Package pdftex.def Info: Images/figure6.png  used on input line 100.
(pdftex.def)             Requested size: 260.17464pt x 259.83221pt.

Underfull \hbox (badness 10000) in paragraph at lines 109--112

 []

) [11 <./Images/figure6.png>]
\openout2 = `Chapter4.aux'.

 (./Chapter4.tex
Capitolo 4.
<Images/figure43.png, id=433, 882.29625pt x 508.14844pt>
File: Images/figure43.png Graphic file (type png)
<use Images/figure43.png>
Package pdftex.def Info: Images/figure43.png  used on input line 3.
(pdftex.def)             Requested size: 260.17464pt x 149.84045pt.
[12




 <./Images/figure43.png>]
Overfull \hbox (33.94168pt too wide) detected at line 38
[][]
 []

<Images/figure44.png, id=440, 359.84438pt x 321.45094pt>
File: Images/figure44.png Graphic file (type png)
<use Images/figure44.png>
Package pdftex.def Info: Images/figure44.png  used on input line 51.
(pdftex.def)             Requested size: 86.72267pt x 77.46861pt.
) [13 <./Images/figure44.png>]
\openout2 = `Chapter5.aux'.

 (./Chapter5.tex
Capitolo 5.

Underfull \hbox (badness 10000) in paragraph at lines 2--4

 []

<Images/figure7.png, id=448, 1044.15094pt x 332.74312pt>
File: Images/figure7.png Graphic file (type png)
<use Images/figure7.png>
Package pdftex.def Info: Images/figure7.png  used on input line 16.
(pdftex.def)             Requested size: 433.62pt x 138.18228pt.
[14




 <./Images/figure7.png>]
<Images/figure8.png, id=454, 469.755pt x 197.98969pt>
File: Images/figure8.png Graphic file (type png)
<use Images/figure8.png>
Package pdftex.def Info: Images/figure8.png  used on input line 28.
(pdftex.def)             Requested size: 260.17464pt x 109.65596pt.
<Images/figure9.png, id=455, 826.58812pt x 160.34906pt>
File: Images/figure9.png Graphic file (type png)
<use Images/figure9.png>
Package pdftex.def Info: Images/figure9.png  used on input line 33.
(pdftex.def)             Requested size: 346.89731pt x 67.29475pt.
<Images/figure10.png, id=456, 551.81157pt x 155.07938pt>
File: Images/figure10.png Graphic file (type png)
<use Images/figure10.png>
Package pdftex.def Info: Images/figure10.png  used on input line 38.
(pdftex.def)             Requested size: 346.89731pt x 97.49464pt.
<Images/figure11.png, id=457, 877.02657pt x 143.03438pt>
File: Images/figure11.png Graphic file (type png)
<use Images/figure11.png>
Package pdftex.def Info: Images/figure11.png  used on input line 44.
(pdftex.def)             Requested size: 433.62pt x 70.72038pt.
 [15 <./Images/figure8.png> <./Images/figure9.png> <./Images/figure10.png>]
<Images/figure13.png, id=466, 326.1786pt x 71.7882pt>
File: Images/figure13.png Graphic file (type png)
<use Images/figure13.png>
Package pdftex.def Info: Images/figure13.png  used on input line 48.
(pdftex.def)             Requested size: 433.62pt x 95.44092pt.

Underfull \hbox (badness 10000) in paragraph at lines 53--56

 []

<Images/figure12.png, id=467, 973.38657pt x 263.48438pt>
File: Images/figure12.png Graphic file (type png)
<use Images/figure12.png>
Package pdftex.def Info: Images/figure12.png  used on input line 61.
(pdftex.def)             Requested size: 433.62pt x 117.37682pt.
LaTeX Font Info:    Font shape `OT1/ptm/bx/n' in size <6> not available
(Font)              Font shape `OT1/ptm/b/n' tried instead on input line 71.
LaTeX Font Info:    Font shape `OT1/ptm/bx/n' in size <5> not available
(Font)              Font shape `OT1/ptm/b/n' tried instead on input line 71.
[16 <./Images/figure11.png> <./Images/figure13.png> <./Images/figure12.png>])
Underfull \hbox (badness 10000) in paragraph at lines 83--139

 []

[17]
\openout2 = `Chapter6.aux'.

 (./Chapter6.tex
Capitolo 6.
<Images/figure14.jpg, id=483, 888.31876pt x 472.76625pt>
File: Images/figure14.jpg Graphic file (type jpg)
<use Images/figure14.jpg>
Package pdftex.def Info: Images/figure14.jpg  used on input line 16.
(pdftex.def)             Requested size: 433.62pt x 230.77019pt.
<Images/figure15.png, id=484, 846.91406pt x 188.95593pt>
File: Images/figure15.png Graphic file (type png)
<use Images/figure15.png>
Package pdftex.def Info: Images/figure15.png  used on input line 20.
(pdftex.def)             Requested size: 433.62pt x 96.74394pt.
[18




 <./Images/figure14.jpg>]
<Images/figure16.png, id=491, 314.67563pt x 185.19188pt>
File: Images/figure16.png Graphic file (type png)
<use Images/figure16.png>
Package pdftex.def Info: Images/figure16.png  used on input line 35.
(pdftex.def)             Requested size: 216.81pt x 127.59601pt.

Overfull \hbox (13.44427pt too wide) detected at line 45
\OML/ztmcm/m/it/17.28 V[]\OT1/ztmcm/m/n/17.28 (\OML/ztmcm/m/it/17.28 t\OT1/ztmcm/m/n/17.28 ) = \OML/ztmcm/m/it/17.28 V[]\OT1/ztmcm/m/n/17.28 (\OML/ztmcm/m/it/17.28 t\OT1/ztmcm/m/n/17.28 ) \OMS/ztmcm/m/n/17.28 ^^A [] \OT1/ztmcm/m/n/17.28 = \OML/ztmcm/m/it/17.28 V[]\OT1/ztmcm/m/n/17.28 (\OML/ztmcm/m/it/17.28 t\OT1/ztmcm/m/n/17.28 ) \OMS/ztmcm/m/n/17.28 ^^A [] ^^A []
 []

[19 <./Images/figure15.png> <./Images/figure16.png>]
<Images/figure17.png, id=499, 304.13625pt x 176.91093pt>
File: Images/figure17.png Graphic file (type png)
<use Images/figure17.png>
Package pdftex.def Info: Images/figure17.png  used on input line 53.
(pdftex.def)             Requested size: 216.81pt x 126.11783pt.

Overfull \hbox (19.0678pt too wide) detected at line 63
\OML/ztmcm/m/it/17.28 V[]\OT1/ztmcm/m/n/17.28 (\OML/ztmcm/m/it/17.28 t\OT1/ztmcm/m/n/17.28 ) = []
 []

<Images/figure18.png, id=500, 759.58781pt x 124.96687pt>
File: Images/figure18.png Graphic file (type png)
<use Images/figure18.png>
Package pdftex.def Info: Images/figure18.png  used on input line 76.
(pdftex.def)             Requested size: 260.17464pt x 42.8047pt.
[20 <./Images/figure17.png> <./Images/figure18.png>]
<Images/figure19.png, id=508, 270.25969pt x 205.5178pt>
File: Images/figure19.png Graphic file (type png)
<use Images/figure19.png>
Package pdftex.def Info: Images/figure19.png  used on input line 81.
(pdftex.def)             Requested size: 216.81pt x 164.87544pt.
<Images/figure20.png, id=509, 427.5975pt x 156.585pt>
File: Images/figure20.png Graphic file (type png)
<use Images/figure20.png>
Package pdftex.def Info: Images/figure20.png  used on input line 95.
(pdftex.def)             Requested size: 260.17464pt x 95.27538pt.
<Images/figure21.png, id=510, 427.5975pt x 152.82094pt>
File: Images/figure21.png Graphic file (type png)
<use Images/figure21.png>
Package pdftex.def Info: Images/figure21.png  used on input line 102.
(pdftex.def)             Requested size: 260.17464pt x 92.98509pt.
 [21 <./Images/figure19.png> <./Images/figure20.png> <./Images/figure21.png>]
<Images/figure22.png, id=519, 471.26062pt x 291.33844pt>
File: Images/figure22.png Graphic file (type png)
<use Images/figure22.png>
Package pdftex.def Info: Images/figure22.png  used on input line 108.
(pdftex.def)             Requested size: 260.17464pt x 160.84566pt.
)
Underfull \hbox (badness 10000) in paragraph at lines 110--140

 []

[22 <./Images/figure22.png>]
\openout2 = `Chapter8.aux'.

 (./Chapter8.tex
Capitolo 7.
<Images/figure25.png, id=526, 502.87875pt x 60.97781pt>
File: Images/figure25.png Graphic file (type png)
<use Images/figure25.png>
Package pdftex.def Info: Images/figure25.png  used on input line 5.
(pdftex.def)             Requested size: 433.62pt x 52.57944pt.

Underfull \hbox (badness 10000) in paragraph at lines 18--20

 []

<Images/figure46.png, id=527, 603.4545pt x 289.68225pt>
File: Images/figure46.png Graphic file (type png)
<use Images/figure46.png>
Package pdftex.def Info: Images/figure46.png  used on input line 22.
(pdftex.def)             Requested size: 346.89731pt x 166.52621pt.
[23




 <./Images/figure25.png>]
Underfull \hbox (badness 10000) in paragraph at lines 27--29

 []

<Images/figure27.png, id=533, 792.71156pt x 420.06938pt>
File: Images/figure27.png Graphic file (type png)
<use Images/figure27.png>
Package pdftex.def Info: Images/figure27.png  used on input line 36.
(pdftex.def)             Requested size: 433.62pt x 229.78256pt.
[24 <./Images/figure46.png> <./Images/figure27.png>]
<Images/figure42.png, id=542, 265.74281pt x 167.12437pt>
File: Images/figure42.png Graphic file (type png)
<use Images/figure42.png>
Package pdftex.def Info: Images/figure42.png  used on input line 49.
(pdftex.def)             Requested size: 173.44534pt x 109.0809pt.
<Images/figure45.png, id=543, 290.58563pt x 290.58563pt>
File: Images/figure45.png Graphic file (type png)
<use Images/figure45.png>
Package pdftex.def Info: Images/figure45.png  used on input line 57.
(pdftex.def)             Requested size: 216.81pt x 216.81245pt.
 [25 <./Images/figure42.png>]
Underfull \hbox (badness 10000) in paragraph at lines 59--62

 []


Underfull \hbox (badness 10000) in paragraph at lines 59--62

 []

<Images/figure39.png, id=550, 483.0045pt x 136.71075pt>
File: Images/figure39.png Graphic file (type png)
<use Images/figure39.png>
Package pdftex.def Info: Images/figure39.png  used on input line 70.
(pdftex.def)             Requested size: 433.62pt x 122.73187pt.
)
Underfull \hbox (badness 10000) in paragraph at lines 72--141

 []

[26 <./Images/figure45.png> <./Images/figure39.png>] [27]
\openout2 = `Chapter11.aux'.

 (./Chapter11.tex
Capitolo 8.
<Images/figure37.png, id=563, 308.352pt x 166.82326pt>
File: Images/figure37.png Graphic file (type png)
<use Images/figure37.png>
Package pdftex.def Info: Images/figure37.png  used on input line 4.
(pdftex.def)             Requested size: 433.62pt x 234.59972pt.

Underfull \hbox (badness 10000) in paragraph at lines 9--13

 []

<Images/figure38.png, id=564, 496.85625pt x 196.93575pt>
File: Images/figure38.png Graphic file (type png)
<use Images/figure38.png>
Package pdftex.def Info: Images/figure38.png  used on input line 15.
(pdftex.def)             Requested size: 433.62pt x 171.8736pt.
[28




 <./Images/figure37.png>]) [29 <./Images/figure38.png>]
\openout2 = `Chapter9.aux'.

 (./Chapter9.tex
Capitolo 9.
<Images/figure30.png, id=578, 552.56438pt x 368.1253pt>
File: Images/figure30.png Graphic file (type png)
<use Images/figure30.png>
Package pdftex.def Info: Images/figure30.png  used on input line 4.
(pdftex.def)             Requested size: 433.62pt x 288.87788pt.

Underfull \hbox (badness 10000) in paragraph at lines 6--9

 []


Underfull \hbox (badness 10000) in paragraph at lines 6--9

 []


Underfull \hbox (badness 10000) in paragraph at lines 12--15

 []


Underfull \hbox (badness 10000) in paragraph at lines 12--15

 []

[30




 <./Images/figure30.png>]
Overfull \hbox (2.36333pt too wide) in paragraph at lines 23--24
\OT1/ptm/m/n/14.4 Identicamente al-la \OT1/ptm/b/n/14.4 me-mo-ria del-l'o-scil-lo-sco-pio\OT1/ptm/m/n/14.4 , an-che la me-mo-ria dell' \OT1/ptm/b/n/14.4 FFT
 []


Underfull \hbox (badness 10000) in paragraph at lines 23--24

 []


Underfull \hbox (badness 10000) in paragraph at lines 23--24

 []


Underfull \hbox (badness 10000) in paragraph at lines 27--30

 []


Underfull \hbox (badness 10000) in paragraph at lines 27--30

 []


Underfull \hbox (badness 10000) in paragraph at lines 34--36

 []

[31]
<Images/figure47.png, id=590, 283.81032pt x 137.7647pt>
File: Images/figure47.png Graphic file (type png)
<use Images/figure47.png>
Package pdftex.def Info: Images/figure47.png  used on input line 43.
(pdftex.def)             Requested size: 346.89731pt x 168.4027pt.
) [32 <./Images/figure47.png>]
\openout2 = `Chapter10.aux'.

 (./Chapter10.tex
Capitolo 10.
<Images/figure31.png, id=597, 400.49625pt x 268.00125pt>
File: Images/figure31.png Graphic file (type png)
<use Images/figure31.png>
Package pdftex.def Info: Images/figure31.png  used on input line 4.
(pdftex.def)             Requested size: 216.81pt x 145.08655pt.
[33




 <./Images/figure31.png>]
<Images/figure32.png, id=603, 307.74976pt x 151.767pt>
File: Images/figure32.png Graphic file (type png)
<use Images/figure32.png>
Package pdftex.def Info: Images/figure32.png  used on input line 41.
(pdftex.def)             Requested size: 216.81pt x 106.92395pt.
<Images/figure33.png, id=604, 251.7405pt x 170.43675pt>
File: Images/figure33.png Graphic file (type png)
<use Images/figure33.png>
Package pdftex.def Info: Images/figure33.png  used on input line 55.
(pdftex.def)             Requested size: 216.81pt x 146.78857pt.
 [34 <./Images/figure32.png> <./Images/figure33.png>]
<Images/figure34.png, id=612, 187.902pt x 136.1085pt>
File: Images/figure34.png Graphic file (type png)
<use Images/figure34.png>
Package pdftex.def Info: Images/figure34.png  used on input line 72.
(pdftex.def)             Requested size: 216.81pt x 157.05728pt.
<Images/figure35.png, id=613, 213.79875pt x 111.41624pt>
File: Images/figure35.png Graphic file (type png)
<use Images/figure35.png>
Package pdftex.def Info: Images/figure35.png  used on input line 84.
(pdftex.def)             Requested size: 216.81pt x 112.98512pt.
<Images/figure36.png, id=614, 172.84575pt x 118.64325pt>
File: Images/figure36.png Graphic file (type png)
<use Images/figure36.png>
Package pdftex.def Info: Images/figure36.png  used on input line 93.
(pdftex.def)             Requested size: 216.81pt x 148.82143pt.
 [35 <./Images/figure34.png> <./Images/figure35.png>])
Underfull \hbox (badness 10000) in paragraph at lines 110--144

 []

[36 <./Images/figure36.png>]
\openout2 = `Chapter7.aux'.

 (./Chapter7.tex
Capitolo 11.
<Images/figure23.png, id=629, 286.06876pt x 237.13594pt>
File: Images/figure23.png Graphic file (type png)
<use Images/figure23.png>
Package pdftex.def Info: Images/figure23.png  used on input line 4.
(pdftex.def)             Requested size: 173.44534pt x 143.77704pt.

Underfull \hbox (badness 10000) in paragraph at lines 11--13

 []

<Images/figure24.png, id=630, 791.95876pt x 230.36063pt>
File: Images/figure24.png Graphic file (type png)
<use Images/figure24.png>
Package pdftex.def Info: Images/figure24.png  used on input line 15.
(pdftex.def)             Requested size: 433.62pt x 126.12929pt.

Underfull \hbox (badness 10000) in paragraph at lines 17--18

 []


Underfull \hbox (badness 10000) in paragraph at lines 17--18

 []


Underfull \hbox (badness 10000) in paragraph at lines 17--18

 []


Underfull \hbox (badness 10000) in paragraph at lines 17--18

 []

[37




 <./Images/figure23.png> <./Images/figure24.png>]
Overfull \hbox (5.7817pt too wide) detected at line 33
\OML/ztmcm/m/it/17.28 X[] \OT1/ztmcm/m/n/17.28 + \OML/ztmcm/m/it/17.28 X[] \OT1/ztmcm/m/n/17.28 = \OML/ztmcm/m/it/17.28 X[]  \OT1/ztmcm/m/n/17.28 =[]\OMS/ztmcm/m/n/17.28 )  \OML/ztmcm/m/it/17.28 X[] \OT1/ztmcm/m/n/17.28 = \OML/ztmcm/m/it/17.28 X[] \OMS/ztmcm/m/n/17.28 ^^@ \OML/ztmcm/m/it/17.28 X[] \OT1/ztmcm/m/n/17.28 = [] \OMS/ztmcm/m/n/17.28 ^^@ [] \OT1/ztmcm/m/n/17.28 = []  =[]\OMS/ztmcm/m/n/17.28 ) 
 []

) [38]
\openout2 = `Chapter12.aux'.

 (./Chapter12.tex
Capitolo 12.
<Images/figure40.png, id=643, 437.83575pt x 189.70876pt>
File: Images/figure40.png Graphic file (type png)
<use Images/figure40.png>
Package pdftex.def Info: Images/figure40.png  used on input line 3.
(pdftex.def)             Requested size: 433.62pt x 187.8904pt.

Underfull \hbox (badness 10000) in paragraph at lines 5--7

 []

<Images/figure41.png, id=644, 190.91325pt x 121.6545pt>
File: Images/figure41.png Graphic file (type png)
<use Images/figure41.png>
Package pdftex.def Info: Images/figure41.png  used on input line 23.
(pdftex.def)             Requested size: 173.44534pt x 110.5257pt.
[39




 <./Images/figure40.png>]
Underfull \hbox (badness 10000) in paragraph at lines 41--43

 []


Underfull \hbox (badness 10000) in paragraph at lines 41--43

 []

) [40 <./Images/figure41.png>]
\openout2 = `Chapter14.aux'.

 (./chapter14.tex
Capitolo 13.
<Images/figure48.png, id=658, 501.67426pt x 389.65575pt>
File: Images/figure48.png Graphic file (type png)
<use Images/figure48.png>
Package pdftex.def Info: Images/figure48.png  used on input line 25.
(pdftex.def)             Requested size: 303.53267pt x 235.76326pt.
[41




]
Underfull \hbox (badness 10000) in paragraph at lines 40--43

 []

<Images/figure49.png, id=663, 464.33475pt x 346.896pt>
File: Images/figure49.png Graphic file (type png)
<use Images/figure49.png>
Package pdftex.def Info: Images/figure49.png  used on input line 45.
(pdftex.def)             Requested size: 303.53267pt x 226.77126pt.
[42 <./Images/figure48.png>])
Underfull \hbox (badness 10000) in paragraph at lines 47--147

 []


Underfull \hbox (badness 10000) in paragraph at lines 47--147

 []

[43 <./Images/figure49.png>] (tmp/main.aux (tmp/Chapter1.aux) (tmp/Chapter2.aux) (tmp/Chapter3.aux) (tmp/Chapter4.aux) (tmp/Chapter5.aux) (tmp/Chapter6.aux) (tmp/Chapter8.aux) (tmp/Chapter11.aux) (tmp/Chapter9.aux) (tmp/Chapter10.aux) (tmp/Chapter7.aux) (tmp/Chapter12.aux) (tmp/Chapter14.aux))
Package rerunfilecheck Info: File `main.out' has not changed.
(rerunfilecheck)             Checksum: 4C6A11A374177C9E7C78F2DFC6029772;10900.
 ) 
Here is how much of TeX's memory you used:
 64573 strings out of 476038
 1618454 string characters out of 5791180
 2294984 words of memory out of 5000000
 83879 multiletter control sequences out of 15000+600000
 586498 words of font info for 204 fonts, out of 8000000 for 9000
 1141 hyphenation exceptions out of 8191
 99i,20n,96p,745b,612s stack positions out of 10000i,1000n,20000p,200000b,200000s
<d:/achil/texlive/2023/texmf-dist/fonts/type1/public/amsfonts/cm/cmex10.pfb><d:/achil/texlive/2023/texmf-dist/fonts/type1/public/amsfonts/cm/cmmi10.pfb><d:/achil/texlive/2023/texmf-dist/fonts/type1/public/amsfonts/cm/cmr10.pfb><d:/achil/texlive/2023/texmf-dist/fonts/type1/public/amsfonts/cm/cmsy10.pfb><d:/achil/texlive/2023/texmf-dist/fonts/type1/public/amsfonts/latxfont/line10.pfb><d:/achil/texlive/2023/texmf-dist/fonts/type1/urw/symbol/usyr.pfb><d:/achil/texlive/2023/texmf-dist/fonts/type1/urw/symbol/usyr.pfb><d:/achil/texlive/2023/texmf-dist/fonts/type1/urw/times/utmb8a.pfb><d:/achil/texlive/2023/texmf-dist/fonts/type1/urw/times/utmr8a.pfb><d:/achil/texlive/2023/texmf-dist/fonts/type1/urw/times/utmri8a.pfb>
Output written on tmp/main.pdf (44 pages, 1958738 bytes).
PDF statistics:
 750 PDF objects out of 1000 (max. 8388607)
 564 compressed objects within 6 object streams
 111 named destinations out of 1000 (max. 500000)
 883 words of extra memory for PDF output out of 10000 (max. 10000000)

