\BOOKMARK [0][-]{chapter.1}{\376\377\000L\000i\000n\000e\000e\000\040\000d\000i\000\040\000t\000r\000a\000s\000m\000i\000s\000s\000i\000o\000n\000e}{}% 1
\BOOKMARK [1][-]{section.1.1}{\376\377\000I\000n\000t\000r\000o\000d\000u\000z\000i\000o\000n\000e}{chapter.1}% 2
\BOOKMARK [2][-]{subsection.1.1.1}{\376\377\000T\000e\000n\000s\000i\000o\000n\000e}{section.1.1}% 3
\BOOKMARK [2][-]{subsection.1.1.2}{\376\377\000C\000o\000r\000r\000e\000n\000t\000e}{section.1.1}% 4
\BOOKMARK [2][-]{subsection.1.1.3}{\376\377\000C\000a\000m\000p\000o\000\040\000e\000l\000e\000t\000t\000r\000i\000c\000o\000\040\000e\000\040\000m\000a\000g\000n\000e\000t\000i\000c\000o}{section.1.1}% 5
\BOOKMARK [1][-]{section.1.2}{\376\377\000C\000a\000s\000o\000\040\000s\000e\000n\000z\000a\000\040\000P\000e\000r\000d\000i\000t\000e}{chapter.1}% 6
\BOOKMARK [1][-]{section.1.3}{\376\377\000C\000a\000s\000o\000\040\000c\000o\000n\000\040\000P\000e\000r\000d\000i\000t\000e}{chapter.1}% 7
\BOOKMARK [0][-]{chapter.2}{\376\377\000V\000\040\000e\000\040\000I\000,\000\040\000T\000r\000a\000s\000p\000o\000r\000t\000o\000\040\000d\000i\000\040\000I\000m\000p\000e\000d\000e\000n\000z\000a\000,\000\040\000C\000o\000e\000f\000f\000i\000c\000i\000e\000n\000t\000e\000\040\000d\000i\000\040\000R\000i\000f\000l\000e\000s\000s\000i\000o\000n\000e\000,\000\040\000R\000O\000S}{}% 8
\BOOKMARK [1][-]{section.2.1}{\376\377\000S\000o\000l\000u\000z\000i\000o\000n\000e\000\040\000d\000e\000l\000l\000'\000E\000q\000u\000a\000z\000i\000o\000n\000e\000\040\000d\000e\000l\000l\000e\000\040\000L\000i\000n\000e\000e}{chapter.2}% 9
\BOOKMARK [2][-]{subsection.2.1.1}{\376\377\000S\000o\000l\000u\000z\000i\000o\000n\000e\000\040\000p\000e\000r\000\040\000O\000n\000d\000e\000\040\000V\000i\000a\000g\000g\000i\000a\000n\000t\000i}{section.2.1}% 10
\BOOKMARK [2][-]{subsection.2.1.2}{\376\377\000S\000o\000l\000u\000z\000i\000o\000n\000e\000\040\000p\000e\000r\000\040\000O\000n\000d\000e\000\040\000S\000t\000a\000z\000i\000o\000n\000a\000r\000i\000e}{section.2.1}% 11
\BOOKMARK [1][-]{section.2.2}{\376\377\000T\000r\000a\000s\000p\000o\000r\000t\000o\000\040\000d\000e\000l\000l\000'\000I\000m\000p\000e\000d\000e\000n\000z\000a}{chapter.2}% 12
\BOOKMARK [2][-]{subsection.2.2.1}{\376\377\000C\000a\000s\000o\000\040\000C\000a\000r\000i\000c\000o\000\040\000u\000g\000u\000a\000l\000e\000\040\000a\000\040\000I\000m\000p\000e\000d\000e\000n\000z\000a\000\040\000d\000e\000l\000l\000a\000\040\000L\000i\000n\000e\000a}{section.2.2}% 13
\BOOKMARK [2][-]{subsection.2.2.2}{\376\377\000C\000a\000s\000o\000\040\000I\000m\000p\000e\000d\000e\000n\000z\000a\000\040\000G\000e\000n\000e\000r\000i\000c\000a}{section.2.2}% 14
\BOOKMARK [1][-]{section.2.3}{\376\377\000C\000o\000e\000f\000f\000i\000c\000i\000e\000n\000t\000e\000\040\000d\000i\000\040\000R\000i\000f\000l\000e\000s\000s\000i\000o\000n\000e}{chapter.2}% 15
\BOOKMARK [2][-]{subsection.2.3.1}{\376\377\000C\000a\000r\000a\000t\000t\000e\000r\000i\000s\000t\000i\000c\000h\000e\000\040\000d\000e\000l\000\040\000C\000o\000e\000f\000f\000i\000c\000i\000e\000n\000t\000e\000\040\000d\000i\000\040\000R\000i\000f\000l\000e\000s\000s\000i\000o\000n\000e}{section.2.3}% 16
\BOOKMARK [1][-]{section.2.4}{\376\377\000R\000a\000p\000p\000o\000r\000t\000o\000\040\000d\000'\000O\000n\000d\000a\000\040\000S\000t\000a\000z\000i\000o\000n\000a\000r\000i\000o}{chapter.2}% 17
\BOOKMARK [0][-]{chapter.3}{\376\377\000P\000o\000t\000e\000n\000z\000a\000\040\000l\000u\000n\000g\000o\000\040\000u\000n\000a\000\040\000L\000i\000n\000e\000a\000\040\000s\000e\000n\000z\000a\000\040\000P\000e\000r\000d\000i\000t\000e}{}% 18
\BOOKMARK [1][-]{section.3.1}{\376\377\000L\000i\000n\000e\000a\000\040\000i\000n\000d\000e\000f\000i\000n\000i\000t\000a}{chapter.3}% 19
\BOOKMARK [1][-]{section.3.2}{\376\377\000D\000u\000e\000\040\000L\000i\000n\000e\000e\000\040\000I\000n\000d\000e\000f\000i\000n\000i\000t\000e}{chapter.3}% 20
\BOOKMARK [1][-]{section.3.3}{\376\377\000L\000i\000n\000e\000a\000\040\000c\000o\000n\000\040\000C\000a\000r\000i\000c\000o}{chapter.3}% 21
\BOOKMARK [0][-]{chapter.4}{\376\377\000P\000o\000t\000e\000n\000z\000a\000\040\000l\000u\000n\000g\000o\000\040\000l\000a\000\040\000L\000i\000n\000e\000a\000\040\000c\000o\000n\000\040\000P\000e\000r\000d\000i\000t\000e}{}% 22
\BOOKMARK [1][-]{section.4.1}{\376\377\000L\000i\000n\000e\000a\000\040\000I\000n\000d\000e\000f\000i\000n\000i\000t\000a}{chapter.4}% 23
\BOOKMARK [1][-]{section.4.2}{\376\377\000P\000o\000t\000e\000n\000z\000a\000\040\000t\000r\000a\000\040\000d\000u\000e\000\040\000a\000s\000c\000i\000s\000s\000e}{chapter.4}% 24
\BOOKMARK [1][-]{section.4.3}{\376\377\000L\000i\000n\000e\000a\000\040\000c\000o\000n\000\040\000C\000a\000r\000i\000c\000o}{chapter.4}% 25
\BOOKMARK [0][-]{chapter.5}{\376\377\000A\000d\000a\000t\000t\000a\000m\000e\000n\000t\000i}{}% 26
\BOOKMARK [1][-]{section.5.1}{\376\377\000A\000d\000a\000t\000t\000a\000m\000e\000n\000t\000o\000\040\000c\000o\000n\000\040\000S\000t\000u\000b\000\040\000S\000e\000r\000i\000e}{chapter.5}% 27
\BOOKMARK [2][-]{subsection.5.1.1}{\376\377\000M\000e\000t\000o\000d\000o\000\040\0001}{section.5.1}% 28
\BOOKMARK [2][-]{subsection.5.1.2}{\376\377\000M\000e\000t\000o\000d\000o\000\040\0002}{section.5.1}% 29
\BOOKMARK [1][-]{section.5.2}{\376\377\000A\000d\000a\000t\000t\000a\000m\000e\000n\000t\000o\000\040\000c\000o\000n\000\040\000S\000t\000u\000b\000\040\000P\000a\000r\000a\000l\000l\000e\000l\000o}{chapter.5}% 30
\BOOKMARK [2][-]{subsection.5.2.1}{\376\377\000M\000e\000t\000o\000d\000o\000\040\0001}{section.5.2}% 31
\BOOKMARK [2][-]{subsection.5.2.2}{\376\377\000M\000e\000t\000o\000d\000o\000\040\0002}{section.5.2}% 32
\BOOKMARK [1][-]{section.5.3}{\376\377\000A\000d\000a\000t\000t\000a\000m\000e\000n\000t\000o\000\040\000T\000r\000a\000m\000i\000t\000e\000\040\000I\000n\000v\000e\000r\000t\000e\000r}{chapter.5}% 33
\BOOKMARK [0][-]{chapter.6}{\376\377\000P\000r\000o\000p\000a\000g\000a\000z\000i\000o\000n\000e\000\040\000d\000i\000\040\000u\000n\000\040\000S\000e\000g\000n\000a\000l\000e\000\040\000a\000\040\000B\000a\000n\000d\000a\000\040\000S\000t\000r\000e\000t\000t\000a}{}% 34
\BOOKMARK [1][-]{section.6.1}{\376\377\000L\000i\000n\000e\000a\000\040\000N\000o\000n\000\040\000D\000i\000s\000p\000e\000r\000s\000i\000v\000a}{chapter.6}% 35
\BOOKMARK [1][-]{section.6.2}{\376\377\000L\000i\000n\000e\000a\000\040\000D\000i\000s\000p\000e\000r\000s\000i\000v\000a}{chapter.6}% 36
\BOOKMARK [2][-]{subsection.6.2.1}{\376\377\000G\000r\000a\000d\000o\000\040\000d\000i\000\040\000C\000o\000r\000r\000e\000t\000t\000e\000z\000z\000a}{section.6.2}% 37
\BOOKMARK [0][-]{chapter.7}{\376\377\000R\000i\000s\000u\000o\000n\000a\000t\000o\000r\000i}{}% 38
\BOOKMARK [1][-]{section.7.1}{\376\377\000C\000i\000r\000c\000u\000i\000t\000o\000\040\000R\000i\000s\000o\000n\000a\000n\000t\000e\000\040\000S\000e\000r\000i\000e}{chapter.7}% 39
\BOOKMARK [1][-]{section.7.2}{\376\377\000C\000i\000r\000c\000u\000i\000t\000o\000\040\000R\000i\000s\000o\000n\000a\000n\000t\000e\000\040\000P\000a\000r\000a\000l\000l\000e\000l\000o}{chapter.7}% 40
\BOOKMARK [1][-]{section.7.3}{\376\377\000C\000i\000r\000c\000u\000i\000t\000o\000\040\000R\000i\000s\000o\000n\000a\000n\000t\000e\000\040\000c\000o\000n\000\040\000P\000e\000r\000d\000i\000t\000e}{chapter.7}% 41
\BOOKMARK [1][-]{section.7.4}{\376\377\000C\000a\000p\000a\000c\000i\000t\000\340\000\040\000F\000i\000l\000t\000r\000a\000n\000t\000i\000\040\000d\000i\000\040\000u\000n\000\040\000R\000i\000s\000u\000o\000n\000a\000t\000o\000r\000e}{chapter.7}% 42
\BOOKMARK [1][-]{section.7.5}{\376\377\000R\000i\000s\000u\000o\000n\000a\000t\000o\000r\000i\000\040\000a\000\040\000P\000a\000r\000a\000m\000e\000t\000r\000i\000\040\000D\000i\000s\000t\000r\000i\000b\000u\000i\000t\000i}{chapter.7}% 43
\BOOKMARK [2][-]{subsection.7.5.1}{\376\377\000M\000e\000t\000o\000d\000o\000\040\000P\000e\000r\000t\000u\000r\000b\000a\000t\000i\000v\000o}{section.7.5}% 44
\BOOKMARK [1][-]{section.7.6}{\376\377\000E\000s\000e\000m\000p\000i\000\040\000d\000i\000\040\000C\000a\000l\000c\000o\000l\000o\000\040\000d\000i\000\040\000Q\000\040\000i\000n\000\040\000c\000i\000r\000c\000u\000i\000t\000i\000\040\000a\000\040\000p\000a\000r\000a\000m\000e\000t\000r\000i\000\040\000D\000i\000s\000t\000r\000i\000b\000u\000i\000t\000i}{chapter.7}% 45
\BOOKMARK [2][-]{subsection.7.6.1}{\376\377\000E\000s\000e\000m\000p\000i\000o\000\040\0001}{section.7.6}% 46
\BOOKMARK [2][-]{subsection.7.6.2}{\376\377\000E\000s\000e\000m\000p\000i\000o\000\040\0002}{section.7.6}% 47
\BOOKMARK [2][-]{subsection.7.6.3}{\376\377\000E\000s\000e\000m\000p\000i\000o\000\040\0003}{section.7.6}% 48
\BOOKMARK [1][-]{section.7.7}{\376\377\000C\000o\000n\000d\000i\000z\000i\000o\000n\000i\000\040\000d\000i\000\040\000R\000i\000s\000o\000n\000a\000n\000z\000a\000\040\000s\000u\000\040\000u\000n\000a\000\040\000R\000e\000t\000e\000\040\000C\000o\000m\000p\000l\000e\000s\000s\000a}{chapter.7}% 49
\BOOKMARK [2][-]{subsection.7.7.1}{\376\377\000E\000s\000e\000m\000p\000i\000o\000\040\0001}{section.7.7}% 50
\BOOKMARK [2][-]{subsection.7.7.2}{\376\377\000E\000s\000e\000m\000p\000i\000o\000\040\0002}{section.7.7}% 51
\BOOKMARK [0][-]{chapter.8}{\376\377\000T\000e\000o\000r\000e\000m\000a\000\040\000d\000i\000\040\000R\000e\000c\000i\000p\000r\000o\000c\000i\000t\000\340}{}% 52
\BOOKMARK [0][-]{chapter.9}{\376\377\000P\000a\000r\000a\000m\000e\000t\000r\000i\000\040\000Z\000\040\000d\000i\000\040\000u\000n\000\040\000D\000o\000p\000p\000i\000o\000\040\000B\000i\000p\000o\000l\000o}{}% 53
\BOOKMARK [1][-]{section.9.1}{\376\377\000R\000e\000c\000i\000p\000r\000o\000c\000i\000t\000\340}{chapter.9}% 54
\BOOKMARK [1][-]{section.9.2}{\376\377\000S\000i\000m\000m\000e\000t\000r\000i\000a}{chapter.9}% 55
\BOOKMARK [1][-]{section.9.3}{\376\377\000D\000i\000s\000s\000i\000p\000a\000m\000e\000n\000t\000o\000\040\000P\000o\000t\000e\000n\000z\000a}{chapter.9}% 56
\BOOKMARK [0][-]{chapter.10}{\376\377\000P\000a\000r\000a\000m\000e\000t\000r\000i\000\040\000S\000\040\000d\000i\000\040\000u\000n\000\040\000D\000o\000p\000p\000i\000o\000\040\000B\000i\000p\000o\000l\000o}{}% 57
\BOOKMARK [1][-]{section.10.1}{\376\377\000R\000e\000c\000i\000p\000r\000o\000c\000i\000t\000\340}{chapter.10}% 58
\BOOKMARK [1][-]{section.10.2}{\376\377\000S\000e\000n\000z\000a\000\040\000P\000e\000r\000d\000i\000t\000e}{chapter.10}% 59
\BOOKMARK [0][-]{chapter.11}{\376\377\000P\000a\000r\000a\000m\000e\000t\000r\000i\000\040\000A\000B\000C\000D\000\040\000d\000i\000\040\000u\000n\000\040\000D\000o\000p\000p\000i\000o\000\040\000B\000i\000p\000o\000l\000o}{}% 60
\BOOKMARK [0][-]{chapter.12}{\376\377\000P\000a\000r\000a\000m\000e\000t\000r\000i\000\040\000d\000i\000\040\000u\000n\000\040\000C\000a\000v\000o\000\040\000C\000o\000a\000s\000s\000i\000a\000l\000e}{}% 61
\BOOKMARK [1][-]{section.12.1}{\376\377\000C\000a\000m\000p\000o\000\040\000E\000l\000e\000t\000t\000r\000i\000c\000o\000\040\000e\000\040\000C\000a\000p\000a\000c\000i\000t\000\340}{chapter.12}% 62
\BOOKMARK [2][-]{subsection.12.1.1}{\376\377\000C\000a\000m\000p\000o\000\040\000E\000l\000e\000t\000t\000r\000i\000c\000o}{section.12.1}% 63
\BOOKMARK [2][-]{subsection.12.1.2}{\376\377\000C\000a\000p\000a\000c\000i\000t\000\340}{section.12.1}% 64
\BOOKMARK [1][-]{section.12.2}{\376\377\000C\000a\000m\000p\000o\000\040\000M\000a\000g\000n\000e\000t\000i\000c\000o\000\040\000e\000\040\000I\000n\000d\000u\000t\000t\000a\000n\000z\000a}{chapter.12}% 65
\BOOKMARK [2][-]{subsection.12.2.1}{\376\377\000C\000a\000m\000p\000o\000\040\000M\000a\000g\000n\000e\000t\000i\000c\000o}{section.12.2}% 66
\BOOKMARK [2][-]{subsection.12.2.2}{\376\377\000I\000n\000d\000u\000t\000t\000a\000n\000z\000a}{section.12.2}% 67
\BOOKMARK [0][-]{chapter.13}{\376\377\000G\000u\000i\000d\000a\000\040\000a\000\040\000P\000i\000a\000t\000t\000i\000\040\000P\000a\000r\000a\000l\000l\000e\000l\000i\000\040\000e\000\040\000G\000u\000i\000d\000a\000\040\000a\000\040\000S\000e\000z\000i\000o\000n\000e\000\040\000R\000e\000t\000t\000a\000n\000g\000o\000l\000a\000r\000e}{}% 68
\BOOKMARK [1][-]{section.13.1}{\376\377\000C\000a\000s\000o\000\040\000T\000E}{chapter.13}% 69
\BOOKMARK [2][-]{subsection.13.1.1}{\376\377\000I\000l\000\040\000F\000e\000n\000o\000m\000e\000n\000o\000\040\000d\000e\000l\000\040\000C\000u\000t\000-\000O\000f\000f\000\040\000n\000e\000l\000l\000e\000\040\000G\000u\000i\000d\000e\000\040\000M\000e\000t\000a\000l\000l\000i\000c\000h\000e}{section.13.1}% 70
\BOOKMARK [1][-]{section.13.2}{\376\377\000C\000a\000s\000o\000\040\000T\000M}{chapter.13}% 71
\BOOKMARK [0][-]{chapter.14}{\376\377\000D\000i\000a\000g\000r\000a\000m\000m\000a\000\040\000d\000i\000\040\000D\000i\000s\000p\000e\000r\000s\000i\000o\000n\000e\000\040\000-\000\040\000V\000e\000l\000o\000c\000i\000t\000\340\000\040\000d\000i\000\040\000F\000a\000s\000e\000\040\000e\000\040\000V\000e\000l\000o\000c\000i\000t\000\340\000\040\000d\000i\000\040\000G\000r\000u\000p\000p\000o}{}% 72
